SF:/Users/samuel/Desktop/dlibphonenumber/lib/as_you_type_formatter.dart
DA:140,1
DA:144,3
DA:145,2
DA:153,1
DA:155,2
DA:157,2
DA:159,2
DA:168,1
DA:172,1
DA:175,2
DA:176,1
DA:178,2
DA:182,1
DA:183,1
DA:184,2
DA:185,2
DA:188,1
DA:193,1
DA:198,1
DA:199,1
DA:201,2
DA:204,2
DA:206,1
DA:207,2
DA:216,1
DA:220,1
DA:221,1
DA:222,1
DA:227,4
DA:232,2
DA:234,1
DA:239,1
DA:242,1
DA:245,3
DA:248,3
DA:249,2
DA:250,2
DA:252,2
DA:255,2
DA:256,1
DA:257,1
DA:258,1
DA:259,1
DA:266,2
DA:267,1
DA:268,1
DA:269,1
DA:270,1
DA:275,3
DA:276,2
DA:279,1
DA:282,1
DA:284,3
DA:286,3
DA:288,2
DA:292,1
DA:293,3
DA:295,3
DA:296,1
DA:298,2
DA:303,1
DA:304,1
DA:305,2
DA:306,2
DA:307,2
DA:308,1
DA:309,1
DA:310,2
DA:311,1
DA:312,2
DA:313,1
DA:314,1
DA:315,1
DA:316,1
DA:317,1
DA:318,1
DA:319,2
DA:320,1
DA:321,3
DA:322,3
DA:334,1
DA:335,2
DA:336,1
DA:344,1
DA:345,2
DA:346,1
DA:349,1
DA:351,2
DA:354,3
DA:359,1
DA:360,1
DA:361,1
DA:364,1
DA:367,1
DA:372,1
DA:373,2
DA:374,1
DA:375,1
DA:376,1
DA:378,1
DA:383,3
DA:384,1
DA:386,2
DA:392,2
DA:393,1
DA:394,1
DA:395,1
DA:396,2
DA:397,1
DA:398,1
DA:399,1
DA:403,2
DA:404,1
DA:408,1
DA:409,1
DA:410,1
DA:412,3
DA:413,2
DA:416,2
DA:418,1
DA:423,1
DA:424,1
DA:428,3
DA:430,1
DA:431,1
DA:434,1
DA:435,1
DA:436,2
DA:438,1
DA:443,1
DA:444,2
DA:445,3
DA:446,2
DA:455,1
DA:458,1
DA:460,2
DA:462,2
DA:463,2
DA:464,2
DA:467,3
DA:477,1
DA:478,1
DA:479,3
DA:481,3
DA:483,2
DA:484,1
DA:486,1
DA:488,1
DA:489,1
DA:490,2
DA:491,1
DA:492,1
DA:494,1
DA:495,1
DA:496,2
DA:497,1
DA:498,1
DA:500,4
DA:502,3
DA:516,1
DA:517,3
DA:521,1
DA:523,2
DA:524,1
DA:528,1
DA:532,1
DA:533,1
DA:534,2
DA:537,2
DA:539,1
DA:540,1
DA:541,2
DA:542,1
DA:544,1
DA:545,2
DA:546,2
DA:550,1
DA:554,1
DA:555,1
DA:556,1
DA:557,2
DA:558,1
DA:559,2
DA:560,1
DA:561,1
DA:566,1
DA:567,2
DA:571,3
DA:572,1
DA:574,1
DA:576,1
DA:580,1
DA:581,1
DA:582,2
DA:584,1
DA:591,1
DA:592,2
DA:593,2
DA:594,3
DA:596,4
DA:597,2
DA:598,2
DA:600,2
DA:601,2
DA:603,1
DA:612,1
DA:614,2
DA:616,1
DA:617,2
DA:630,1
DA:631,2
DA:632,1
DA:634,1
DA:637,2
DA:638,2
DA:641,1
DA:642,1
DA:643,0
DA:645,0
DA:652,1
DA:653,2
DA:655,1
DA:656,1
DA:657,1
DA:658,4
DA:659,1
DA:665,4
DA:667,3
DA:674,1
DA:675,2
DA:678,2
DA:679,1
DA:680,1
DA:681,2
DA:682,1
DA:689,1
DA:690,1
DA:691,2
DA:693,1
DA:694,1
DA:695,2
DA:696,1
DA:697,1
DA:700,3
DA:705,1
DA:706,2
DA:710,1
DA:713,1
DA:714,1
DA:715,2
DA:717,1
DA:718,2
DA:720,4
DA:722,3
DA:726,2
DA:730,1
DA:731,1
DA:732,1
DA:733,2
DA:737,1
DA:738,1
DA:739,2
DA:741,1
DA:744,1
DA:749,4
DA:752,2
DA:753,2
DA:754,1
DA:758,1
DA:759,1
DA:760,1
DA:762,2
DA:763,1
DA:764,1
DA:765,3
DA:767,3
DA:770,1
DA:772,1
DA:773,2
DA:779,1
DA:785,3
DA:786,4
DA:787,4
DA:788,4
DA:791,1
DA:793,1
DA:799,1
DA:800,1
DA:801,1
DA:807,2
DA:808,3
DA:809,4
DA:810,2
DA:811,1
DA:813,1
LF:295
LH:293
end_of_record
SF:/Users/samuel/Desktop/dlibphonenumber/lib/generated/classes/phone_metadata/phonemetadata.pb.dart
DA:19,1
DA:27,1
DA:29,0
DA:32,0
DA:35,0
DA:38,0
DA:41,0
DA:45,0
DA:50,14
DA:51,0
DA:53,0
DA:54,0
DA:56,0
DA:58,21
DA:63,7
DA:64,7
DA:65,7
DA:66,7
DA:67,7
DA:68,7
DA:70,0
DA:73,0
DA:74,0
DA:78,0
DA:81,14
DA:83,7
DA:84,7
DA:85,0
DA:86,0
DA:87,0
DA:88,0
DA:90,0
DA:98,3
DA:99,3
DA:100,1
DA:102,1
DA:105,0
DA:106,0
DA:107,0
DA:108,0
DA:116,3
DA:117,3
DA:118,1
DA:120,1
DA:123,0
DA:124,0
DA:125,0
DA:126,0
DA:142,3
DA:143,3
DA:161,3
DA:162,3
DA:163,1
DA:165,1
DA:168,0
DA:169,0
DA:170,1
DA:171,1
DA:177,1
DA:178,1
DA:179,0
DA:181,0
DA:184,1
DA:185,1
DA:186,0
DA:187,0
DA:197,2
DA:198,2
DA:199,0
DA:201,0
DA:204,0
DA:205,0
DA:206,0
DA:207,0
DA:213,1
DA:219,1
DA:221,0
DA:224,0
DA:227,0
DA:230,0
DA:234,14
DA:235,0
DA:237,0
DA:238,0
DA:240,0
DA:242,21
DA:247,7
DA:248,7
DA:249,7
DA:251,7
DA:253,7
DA:255,0
DA:258,0
DA:259,0
DA:263,0
DA:266,14
DA:268,7
DA:269,7
DA:270,0
DA:271,0
DA:272,0
DA:273,0
DA:275,0
DA:281,6
DA:282,6
DA:283,1
DA:285,1
DA:288,1
DA:289,1
DA:290,0
DA:291,0
DA:295,2
DA:296,2
DA:297,0
DA:299,0
DA:302,2
DA:303,2
DA:304,0
DA:305,0
DA:315,6
DA:316,6
DA:331,4
DA:332,4
DA:338,7
DA:371,7
DA:373,0
DA:376,0
DA:379,0
DA:382,0
DA:385,0
DA:388,0
DA:391,0
DA:394,0
DA:397,0
DA:400,0
DA:403,0
DA:406,0
DA:409,0
DA:412,0
DA:415,0
DA:418,0
DA:421,0
DA:424,0
DA:427,0
DA:430,0
DA:433,0
DA:436,0
DA:439,0
DA:442,0
DA:445,0
DA:448,0
DA:451,0
DA:454,0
DA:457,0
DA:460,0
DA:463,0
DA:467,14
DA:468,0
DA:470,0
DA:471,0
DA:473,0
DA:475,21
DA:480,7
DA:482,7
DA:484,7
DA:486,7
DA:488,7
DA:490,7
DA:492,7
DA:494,7
DA:496,7
DA:497,7
DA:498,7
DA:499,7
DA:500,7
DA:501,7
DA:502,7
DA:503,7
DA:504,7
DA:505,7
DA:508,7
DA:511,7
DA:513,7
DA:514,7
DA:515,7
DA:517,7
DA:519,7
DA:521,7
DA:523,7
DA:525,7
DA:527,7
DA:529,7
DA:530,7
DA:533,0
DA:536,0
DA:537,0
DA:541,0
DA:544,14
DA:546,7
DA:547,7
DA:548,0
DA:549,0
DA:550,0
DA:551,0
DA:553,0
DA:563,6
DA:564,6
DA:565,1
DA:567,1
DA:570,0
DA:571,0
DA:572,0
DA:573,0
DA:574,0
DA:575,0
DA:577,5
DA:578,5
DA:579,0
DA:581,0
DA:584,0
DA:585,0
DA:586,0
DA:587,0
DA:588,0
DA:589,0
DA:591,5
DA:592,5
DA:593,0
DA:595,0
DA:598,0
DA:599,0
DA:600,0
DA:601,0
DA:602,0
DA:603,0
DA:605,6
DA:606,6
DA:607,0
DA:609,0
DA:612,0
DA:613,0
DA:614,0
DA:615,0
DA:616,0
DA:617,0
DA:619,6
DA:620,6
DA:621,0
DA:623,0
DA:626,0
DA:627,0
DA:628,0
DA:629,0
DA:630,0
DA:631,0
DA:633,5
DA:634,5
DA:635,0
DA:637,0
DA:640,0
DA:641,0
DA:642,0
DA:643,0
DA:644,0
DA:645,0
DA:647,5
DA:648,5
DA:649,0
DA:651,0
DA:654,0
DA:655,0
DA:656,0
DA:657,0
DA:658,0
DA:659,0
DA:661,5
DA:662,5
DA:663,0
DA:665,0
DA:668,0
DA:669,0
DA:670,0
DA:671,0
DA:672,0
DA:673,0
DA:680,1
DA:681,1
DA:682,0
DA:684,0
DA:687,0
DA:688,0
DA:689,0
DA:690,0
DA:695,5
DA:696,5
DA:697,0
DA:699,0
DA:702,0
DA:703,0
DA:704,0
DA:705,0
DA:712,5
DA:713,5
DA:714,1
DA:716,1
DA:719,0
DA:720,0
DA:721,0
DA:722,0
DA:730,2
DA:731,2
DA:732,0
DA:734,0
DA:737,1
DA:738,1
DA:739,0
DA:740,0
DA:748,1
DA:749,1
DA:750,0
DA:752,0
DA:755,1
DA:756,1
DA:757,0
DA:758,0
DA:770,5
DA:771,5
DA:772,1
DA:774,1
DA:777,1
DA:778,1
DA:779,0
DA:780,0
DA:789,3
DA:790,3
DA:791,1
DA:793,1
DA:796,0
DA:797,0
DA:798,0
DA:799,0
DA:807,1
DA:808,1
DA:809,0
DA:811,0
DA:814,1
DA:815,1
DA:816,0
DA:817,0
DA:822,5
DA:823,5
DA:824,0
DA:826,0
DA:829,0
DA:830,0
DA:831,0
DA:832,0
DA:839,3
DA:840,3
DA:867,3
DA:868,3
DA:870,5
DA:871,5
DA:872,0
DA:874,0
DA:877,0
DA:878,0
DA:879,0
DA:880,0
DA:881,0
DA:882,0
DA:890,0
DA:891,0
DA:892,0
DA:894,0
DA:897,0
DA:898,0
DA:899,0
DA:900,0
DA:912,4
DA:913,4
DA:914,0
DA:916,0
DA:919,5
DA:920,5
DA:921,0
DA:922,0
DA:926,1
DA:927,1
DA:928,0
DA:930,0
DA:933,0
DA:934,0
DA:935,0
DA:936,0
DA:937,0
DA:938,0
DA:940,5
DA:941,5
DA:942,0
DA:944,0
DA:947,0
DA:948,0
DA:949,0
DA:950,0
DA:951,0
DA:952,0
DA:954,1
DA:955,1
DA:956,0
DA:958,0
DA:961,1
DA:962,1
DA:963,0
DA:964,0
DA:965,0
DA:966,0
DA:968,5
DA:969,5
DA:970,0
DA:972,0
DA:975,0
DA:976,0
DA:977,0
DA:978,0
DA:979,0
DA:980,0
DA:982,1
DA:983,1
DA:984,0
DA:986,0
DA:989,0
DA:990,0
DA:991,0
DA:992,0
DA:993,0
DA:994,0
DA:996,1
DA:997,1
DA:998,0
DA:1000,0
DA:1003,0
DA:1004,0
DA:1005,0
DA:1006,0
DA:1007,0
DA:1008,0
DA:1010,1
DA:1011,1
DA:1012,0
DA:1014,0
DA:1017,0
DA:1018,0
DA:1019,0
DA:1020,0
DA:1021,0
DA:1022,0
DA:1028,2
DA:1029,2
DA:1030,0
DA:1032,0
DA:1035,0
DA:1036,0
DA:1037,0
DA:1038,0
DA:1040,1
DA:1041,1
DA:1042,0
DA:1044,0
DA:1047,0
DA:1048,0
DA:1049,0
DA:1050,0
DA:1051,0
DA:1052,0
DA:1056,0
DA:1059,0
DA:1061,0
DA:1065,0
DA:1066,0
DA:1068,0
DA:1069,0
DA:1071,0
DA:1073,0
DA:1078,0
DA:1082,0
DA:1086,0
DA:1087,0
DA:1092,0
DA:1095,0
DA:1097,0
DA:1098,0
DA:1099,0
DA:1100,0
DA:1101,0
DA:1102,0
DA:1104,0
DA:1107,0
DA:1108,0
LF:499
LH:179
end_of_record
SF:/Users/samuel/Desktop/dlibphonenumber/lib/phone_number_util.dart
DA:48,6
DA:49,6
DA:50,3
DA:52,7
DA:60,1
DA:61,1
DA:320,6
DA:322,12
DA:326,9
DA:335,8
DA:336,4
DA:344,12
DA:349,12
DA:358,12
DA:397,12
DA:398,3
DA:410,2
DA:411,1
DA:425,3
DA:429,4
DA:430,4
DA:438,4
DA:477,8
DA:479,4
DA:480,4
DA:481,4
DA:482,8
DA:485,4
DA:486,4
DA:487,4
DA:488,8
DA:492,8
DA:510,4
DA:526,4
DA:527,4
DA:528,4
DA:529,8
DA:533,8
DA:541,4
DA:549,12
DA:550,8
DA:557,12
DA:558,8
DA:563,6
DA:569,9
DA:580,6
DA:598,4
DA:599,8
DA:601,12
DA:604,8
DA:606,2
DA:609,8
DA:611,2
DA:628,4
DA:629,8
DA:632,8
DA:650,4
DA:651,12
DA:652,6
DA:654,4
DA:656,2
DA:657,2
DA:659,8
DA:661,4
DA:662,4
DA:664,4
DA:673,4
DA:674,8
DA:683,2
DA:684,2
DA:693,1
DA:694,1
DA:741,1
DA:742,1
DA:743,1
DA:749,2
DA:750,1
DA:751,1
DA:792,1
DA:794,1
DA:798,0
DA:799,0
DA:805,1
DA:808,2
DA:816,3
DA:817,2
DA:819,2
DA:826,2
DA:827,1
DA:828,4
DA:831,2
DA:841,2
DA:842,2
DA:845,7
DA:846,14
DA:847,14
DA:853,7
DA:854,7
DA:855,14
DA:856,28
DA:857,21
DA:858,7
DA:859,21
DA:865,5
DA:866,15
DA:867,20
DA:868,20
DA:869,5
DA:879,1
DA:880,3
DA:881,3
DA:882,1
DA:886,1
DA:889,7
DA:893,1
DA:899,1
DA:900,1
DA:901,1
DA:905,1
DA:906,1
DA:908,2
DA:912,1
DA:913,1
DA:914,1
DA:915,2
DA:927,1
DA:928,2
DA:929,1
DA:930,1
DA:941,1
DA:944,1
DA:945,1
DA:946,1
DA:959,3
DA:961,3
DA:963,9
DA:964,3
DA:966,6
DA:968,3
DA:970,1
DA:975,3
DA:978,5
DA:979,5
DA:980,5
DA:983,10
DA:984,10
DA:985,5
DA:986,5
DA:987,5
DA:994,5
DA:995,5
DA:998,4
DA:999,4
DA:1000,12
DA:1001,4
DA:1002,4
DA:1004,4
DA:1006,1
DA:1017,2
DA:1019,2
DA:1020,4
DA:1028,3
DA:1033,1
DA:1034,1
DA:1037,3
DA:1038,3
DA:1039,3
DA:1040,2
DA:1045,7
DA:1056,7
DA:1057,21
DA:1062,2
DA:1063,4
DA:1064,4
DA:1079,2
DA:1080,4
DA:1084,1
DA:1085,2
DA:1090,2
DA:1091,2
DA:1093,2
DA:1097,1
DA:1104,2
DA:1111,2
DA:1117,2
DA:1119,2
DA:1125,2
DA:1131,2
DA:1149,1
DA:1151,1
DA:1153,1
DA:1154,1
DA:1161,1
DA:1165,1
DA:1169,1
DA:1181,1
DA:1183,1
DA:1184,1
DA:1185,1
DA:1186,1
DA:1189,1
DA:1190,1
DA:1191,1
DA:1196,1
DA:1200,1
DA:1207,1
DA:1213,1
DA:1229,1
DA:1231,1
DA:1233,1
DA:1234,1
DA:1242,1
DA:1246,1
DA:1248,1
DA:1254,1
DA:1261,1
DA:1269,5
DA:1271,5
DA:1272,4
DA:1273,5
DA:1290,1
DA:1292,1
DA:1298,2
DA:1299,1
DA:1313,1
DA:1315,1
DA:1316,1
DA:1317,0
DA:1323,1
DA:1324,1
DA:1326,1
DA:1328,1
DA:1330,1
DA:1331,1
DA:1332,1
DA:1333,1
DA:1334,1
DA:1336,1
DA:1342,0
DA:1343,0
DA:1350,1
DA:1356,1
DA:1357,1
DA:1358,2
DA:1359,1
DA:1362,1
DA:1364,1
DA:1370,1
DA:1388,1
DA:1389,1
DA:1390,1
DA:1392,1
DA:1394,1
DA:1396,1
DA:1399,1
DA:1404,1
DA:1405,1
DA:1409,1
DA:1429,1
DA:1431,1
DA:1432,1
DA:1435,1
DA:1437,1
DA:1438,1
DA:1441,1
DA:1442,1
DA:1445,2
DA:1447,1
DA:1448,1
DA:1457,1
DA:1461,1
DA:1464,1
DA:1470,1
DA:1472,1
DA:1473,1
DA:1478,1
DA:1481,1
DA:1483,1
DA:1489,1
DA:1495,1
DA:1497,2
DA:1518,1
DA:1519,2
DA:1522,1
DA:1524,1
DA:1525,1
DA:1529,1
DA:1530,1
DA:1531,1
DA:1533,1
DA:1535,1
DA:1537,1
DA:1539,2
DA:1544,2
DA:1547,1
DA:1549,1
DA:1550,1
DA:1559,1
DA:1560,1
DA:1567,1
DA:1569,1
DA:1571,1
DA:1572,1
DA:1586,1
DA:1589,1
DA:1590,1
DA:1595,1
DA:1597,1
DA:1598,1
DA:1604,1
DA:1605,1
DA:1606,1
DA:1607,1
DA:1611,1
DA:1615,2
DA:1617,1
DA:1618,1
DA:1619,1
DA:1628,1
DA:1630,1
DA:1631,1
DA:1638,2
DA:1639,2
DA:1648,1
DA:1649,1
DA:1650,1
DA:1652,1
DA:1656,1
DA:1658,2
DA:1685,1
DA:1687,1
DA:1690,1
DA:1691,1
DA:1694,1
DA:1695,1
DA:1702,1
DA:1708,1
DA:1709,2
DA:1711,2
DA:1712,2
DA:1713,1
DA:1718,1
DA:1719,1
DA:1720,1
DA:1721,1
DA:1724,2
DA:1725,1
DA:1726,1
DA:1735,1
DA:1738,1
DA:1741,1
DA:1748,1
DA:1758,1
DA:1760,1
DA:1762,1
DA:1765,1
DA:1769,1
DA:1771,1
DA:1774,1
DA:1777,1
DA:1784,1
DA:1785,1
DA:1787,1
DA:1788,1
DA:1789,1
DA:1790,1
DA:1795,1
DA:1808,5
DA:1809,5
DA:1810,10
DA:1816,9
DA:1818,6
DA:1819,2
DA:1825,2
DA:1832,2
DA:1833,1
DA:1835,2
DA:1836,1
DA:1838,2
DA:1839,2
DA:1842,1
DA:1855,2
DA:1858,2
DA:1862,2
DA:1863,2
DA:1864,1
DA:1865,2
DA:1868,2
DA:1871,2
DA:1877,2
DA:1879,4
DA:1880,4
DA:1881,2
DA:1883,8
DA:1884,2
DA:1886,6
DA:1901,2
DA:1904,2
DA:1906,6
DA:1908,2
DA:1910,1
DA:1911,2
DA:1914,1
DA:1916,1
DA:1920,1
DA:1921,1
DA:1923,1
DA:1927,2
DA:1928,2
DA:1929,1
DA:1930,1
DA:1931,1
DA:1933,1
DA:1935,2
DA:1939,2
DA:1941,4
DA:1942,2
DA:1944,1
DA:1947,2
DA:1948,2
DA:1953,3
DA:1954,6
DA:1955,9
DA:1956,6
DA:1957,3
DA:1962,3
DA:1963,6
DA:1964,8
DA:1965,4
DA:1966,2
DA:1978,1
DA:1979,1
DA:1994,1
DA:1998,1
DA:1999,1
DA:2000,1
DA:2002,1
DA:2003,2
DA:2009,2
DA:2011,1
DA:2019,0
DA:2020,0
DA:2021,0
DA:2023,0
DA:2024,0
DA:2025,0
DA:2042,1
DA:2044,1
DA:2047,1
DA:2048,1
DA:2049,1
DA:2050,1
DA:2051,1
DA:2052,1
DA:2053,1
DA:2054,1
DA:2055,1
DA:2056,2
DA:2057,0
DA:2060,1
DA:2062,1
DA:2063,2
DA:2080,2
DA:2086,6
DA:2089,2
DA:2090,0
DA:2091,4
DA:2093,1
DA:2095,4
DA:2096,3
DA:2098,0
DA:2099,2
DA:2105,4
DA:2108,4
DA:2109,1
DA:2110,4
DA:2111,1
DA:2112,4
DA:2113,1
DA:2114,4
DA:2115,4
DA:2116,1
DA:2117,4
DA:2118,1
DA:2119,4
DA:2120,1
DA:2121,4
DA:2122,1
DA:2123,4
DA:2124,1
DA:2125,4
DA:2126,1
DA:2127,4
DA:2128,1
DA:2130,4
DA:2138,4
DA:2139,4
DA:2142,8
DA:2145,4
DA:2146,4
DA:2149,5
DA:2151,10
DA:2155,10
DA:2158,10
DA:2161,10
DA:2164,10
DA:2167,10
DA:2170,10
DA:2173,10
DA:2176,10
DA:2181,10
DA:2184,5
DA:2186,10
DA:2193,5
DA:2194,10
DA:2202,7
DA:2203,7
DA:2204,21
DA:2205,14
DA:2207,10
DA:2209,15
DA:2210,15
DA:2216,1
DA:2218,3
DA:2219,2
DA:2222,7
DA:2223,14
DA:2225,7
DA:2228,7
DA:2230,14
DA:2231,14
DA:2234,5
DA:2235,10
DA:2238,5
DA:2241,5
DA:2247,5
DA:2248,5
DA:2250,10
DA:2254,5
DA:2270,2
DA:2271,2
DA:2272,2
DA:2291,3
DA:2292,3
DA:2294,3
DA:2296,3
DA:2297,6
DA:2302,3
DA:2303,6
DA:2314,5
DA:2316,5
DA:2319,20
DA:2320,5
DA:2322,10
DA:2323,5
DA:2325,5
DA:2329,5
DA:2331,5
DA:2333,10
DA:2337,5
DA:2338,5
DA:2339,8
DA:2340,4
DA:2343,10
DA:2357,5
DA:2359,20
DA:2360,5
DA:2369,2
DA:2370,2
DA:2371,6
DA:2372,1
DA:2381,3
DA:2382,3
DA:2383,3
DA:2394,4
DA:2395,4
DA:2397,0
DA:2399,4
DA:2416,2
DA:2417,2
DA:2420,2
DA:2422,2
DA:2427,2
DA:2437,1
DA:2439,3
DA:2440,0
DA:2441,2
DA:2453,1
DA:2454,1
DA:2459,1
DA:2460,1
DA:2461,3
DA:2475,2
DA:2476,2
DA:2477,2
DA:2478,2
DA:2493,1
DA:2494,1
DA:2495,1
DA:2496,1
DA:2502,4
DA:2504,4
DA:2516,8
DA:2517,0
DA:2518,4
DA:2520,4
DA:2522,4
DA:2523,1
DA:2524,1
DA:2528,1
DA:2531,1
DA:2532,1
DA:2534,1
DA:2540,3
DA:2541,0
DA:2542,1
DA:2546,1
DA:2548,1
DA:2549,0
DA:2551,1
DA:2552,2
DA:2553,1
DA:2562,12
DA:2566,4
DA:2570,4
DA:2574,4
DA:2575,4
DA:2577,3
DA:2579,8
DA:2584,4
DA:2585,2
DA:2616,2
DA:2617,2
DA:2639,2
DA:2641,2
DA:2642,2
DA:2652,2
DA:2656,2
DA:2659,2
DA:2660,2
DA:2682,1
DA:2684,2
DA:2696,1
DA:2697,1
DA:2699,1
DA:2700,2
DA:2703,2
DA:2704,2
DA:2705,1
DA:2706,2
DA:2709,1
DA:2711,2
DA:2720,4
DA:2721,20
DA:2726,4
DA:2728,12
DA:2730,12
DA:2731,8
DA:2732,8
DA:2733,12
DA:2774,4
DA:2781,4
DA:2783,4
DA:2788,4
DA:2792,4
DA:2796,2
DA:2798,4
DA:2800,6
DA:2801,2
DA:2804,3
DA:2805,3
DA:2806,3
DA:2812,2
DA:2817,4
DA:2819,4
DA:2820,4
DA:2822,4
DA:2823,2
DA:2824,4
DA:2827,2
DA:2830,2
DA:2839,4
DA:2840,2
DA:2841,2
DA:2842,6
DA:2844,2
DA:2846,2
DA:2849,2
DA:2855,4
DA:2866,4
DA:2867,8
DA:2869,2
DA:2873,2
DA:2874,6
DA:2876,4
DA:2877,2
DA:2879,4
DA:2880,2
DA:2881,2
DA:2898,4
DA:2902,8
DA:2907,12
DA:2909,9
DA:2910,3
DA:2911,3
DA:2914,3
DA:2919,4
DA:2920,4
DA:2922,4
DA:2934,4
DA:2939,4
DA:2940,12
DA:2947,12
DA:2950,3
DA:2952,6
DA:2959,3
DA:2960,3
DA:2962,6
DA:2966,12
DA:2971,3
DA:2972,3
DA:2973,2
DA:2976,9
DA:2977,3
DA:2978,3
DA:2984,4
DA:2985,2
DA:2986,4
DA:2987,2
DA:2988,2
DA:2991,1
DA:2992,1
DA:2995,2
DA:2996,0
DA:2999,2
DA:3000,6
DA:3001,2
DA:3002,2
DA:3016,4
DA:3017,12
DA:3021,8
DA:3023,6
DA:3024,2
DA:3028,2
DA:3030,8
DA:3031,2
DA:3032,2
DA:3046,4
DA:3048,4
DA:3049,2
DA:3050,2
DA:3051,4
DA:3088,4
DA:3089,4
DA:3113,4
DA:3120,1
DA:3121,8
DA:3122,1
DA:3125,4
DA:3126,4
DA:3128,8
DA:3129,2
DA:3135,8
DA:3136,1
DA:3139,4
DA:3141,2
DA:3146,4
DA:3147,4
DA:3148,2
DA:3152,4
DA:3156,4
DA:3159,4
DA:3162,4
DA:3169,2
DA:3170,4
DA:3171,4
DA:3174,4
DA:3176,2
DA:3184,2
DA:3189,4
DA:3190,3
DA:3191,3
DA:3194,2
DA:3200,8
DA:3202,4
DA:3203,4
DA:3205,0
DA:3209,8
DA:3210,1
DA:3214,4
DA:3216,8
DA:3217,4
DA:3225,8
DA:3227,4
DA:3228,3
DA:3229,3
DA:3231,4
DA:3232,2
DA:3237,8
DA:3238,4
DA:3239,0
DA:3241,4
DA:3242,2
DA:3245,4
DA:3246,4
DA:3247,4
DA:3248,8
DA:3266,2
DA:3268,2
DA:3269,6
DA:3270,2
DA:3273,2
DA:3281,4
DA:3283,16
DA:3284,2
DA:3288,6
DA:3289,4
DA:3290,2
DA:3292,2
DA:3293,2
DA:3302,4
DA:3304,4
DA:3306,8
DA:3308,2
DA:3310,2
DA:3312,1
DA:3314,2
DA:3315,1
DA:3317,1
DA:3322,4
DA:3324,1
DA:3327,2
DA:3328,2
DA:3342,4
DA:3344,4
DA:3346,4
DA:3347,1
DA:3353,2
DA:3354,1
DA:3362,1
DA:3363,1
DA:3364,2
DA:3366,1
DA:3367,1
DA:3368,1
DA:3372,8
DA:3378,4
DA:3379,4
DA:3380,4
DA:3381,1
DA:3382,2
DA:3399,1
DA:3400,1
DA:3401,2
DA:3402,2
DA:3403,2
DA:3404,2
DA:3406,1
DA:3407,1
DA:3409,2
DA:3432,1
DA:3439,1
DA:3443,1
DA:3444,1
DA:3445,2
DA:3452,1
DA:3454,2
DA:3455,1
DA:3457,1
DA:3462,1
DA:3463,1
DA:3472,1
DA:3478,1
DA:3481,1
DA:3483,1
DA:3484,1
DA:3485,1
DA:3486,2
DA:3489,1
DA:3492,1
DA:3495,1
DA:3496,1
DA:3499,1
DA:3500,1
DA:3501,3
DA:3505,1
DA:3507,1
DA:3509,2
DA:3510,1
DA:3512,1
DA:3513,1
DA:3527,1
DA:3528,1
DA:3530,1
DA:3533,1
DA:3545,1
DA:3547,2
DA:3548,2
DA:3550,1
DA:3551,1
DA:3563,1
DA:3564,1
DA:3565,1
DA:3572,1
DA:3573,1
DA:3574,1
DA:3582,4
DA:3583,5
DA:3584,4
DA:3586,8
DA:3591,6
DA:3593,6
DA:3596,6
DA:3598,6
DA:3599,6
DA:3601,12
DA:3602,18
DA:3611,2
DA:3612,2
DA:3616,2
DA:3629,1
DA:3630,1
DA:3640,1
DA:3641,1
DA:3644,1
DA:3649,1
DA:3661,2
DA:3662,1
DA:3663,0
DA:3664,1
DA:3666,1
DA:3667,1
DA:3692,1
DA:3698,1
LF:934
LH:911
end_of_record
SF:/Users/samuel/Desktop/dlibphonenumber/lib/enums/leniency.dart
DA:32,1
DA:43,1
DA:44,1
DA:51,1
DA:52,1
DA:53,1
DA:54,1
DA:57,1
DA:76,1
DA:77,1
DA:78,1
DA:80,1
DA:82,1
DA:86,2
DA:92,1
DA:109,1
DA:110,1
DA:111,1
DA:113,1
DA:115,1
DA:119,2
DA:125,1
LF:22
LH:22
end_of_record
SF:/Users/samuel/Desktop/dlibphonenumber/lib/exceptions/number_parse_exception.dart
DA:23,2
DA:26,4
DA:28,0
DA:30,0
DA:31,0
LF:5
LH:2
end_of_record
SF:/Users/samuel/Desktop/dlibphonenumber/lib/exceptions/illegal_argument_exception.dart
DA:19,1
LF:1
LH:1
end_of_record
SF:/Users/samuel/Desktop/dlibphonenumber/lib/generated/classes/phone_number/phonenumber.pb.dart
DA:24,7
DA:34,7
DA:36,0
DA:39,0
DA:42,0
DA:45,0
DA:48,0
DA:51,0
DA:54,0
DA:57,0
DA:61,14
DA:62,0
DA:64,0
DA:65,0
DA:67,0
DA:69,21
DA:74,7
DA:75,7
DA:78,7
DA:79,7
DA:80,7
DA:81,7
DA:86,7
DA:87,7
DA:91,0
DA:94,0
DA:95,0
DA:99,0
DA:102,14
DA:104,7
DA:105,7
DA:106,0
DA:107,0
DA:108,0
DA:110,0
DA:116,7
DA:117,7
DA:118,6
DA:120,6
DA:123,1
DA:124,1
DA:125,0
DA:126,0
DA:142,7
DA:143,7
DA:144,6
DA:146,6
DA:149,5
DA:150,5
DA:151,0
DA:152,0
DA:160,2
DA:161,2
DA:162,2
DA:164,2
DA:167,2
DA:168,2
DA:169,1
DA:170,1
DA:188,6
DA:189,6
DA:190,2
DA:192,2
DA:195,0
DA:196,0
DA:197,1
DA:198,1
DA:203,2
DA:204,2
DA:205,2
DA:207,2
DA:210,1
DA:211,1
DA:212,2
DA:213,2
DA:216,2
DA:217,2
DA:218,2
DA:220,2
DA:223,1
DA:224,1
DA:225,1
DA:226,1
DA:237,1
DA:238,1
DA:239,1
DA:241,1
DA:244,0
DA:245,0
DA:246,1
DA:247,1
DA:249,2
DA:250,2
DA:251,2
DA:253,2
DA:256,0
DA:257,0
DA:258,0
DA:259,0
LF:99
LH:67
end_of_record
SF:/Users/samuel/Desktop/dlibphonenumber/lib/generated/classes/phone_number/phonenumber.pbenum.dart
DA:64,0
DA:65,0
DA:66,0
DA:67,0
DA:69,8
LF:5
LH:1
end_of_record
SF:/Users/samuel/Desktop/dlibphonenumber/lib/phone_number_match.dart
DA:54,2
DA:55,4
DA:56,1
DA:60,10
DA:62,1
DA:64,2
DA:65,1
DA:66,1
DA:67,2
DA:68,2
DA:72,2
DA:75,2
DA:76,6
DA:77,6
DA:78,6
DA:79,10
DA:80,10
DA:83,1
DA:85,4
LF:19
LH:19
end_of_record
SF:/Users/samuel/Desktop/dlibphonenumber/lib/phone_number_matcher.dart
DA:42,1
DA:48,2
DA:50,1
DA:52,6
DA:76,1
DA:88,1
DA:91,1
DA:92,1
DA:96,1
DA:97,1
DA:98,1
DA:102,1
DA:104,2
DA:105,3
DA:107,1
DA:108,1
DA:110,3
DA:111,1
DA:115,2
DA:144,1
DA:145,3
DA:146,0
DA:148,1
DA:153,2
DA:154,1
DA:157,5
DA:160,3
DA:163,3
DA:167,4
DA:170,3
DA:175,2
DA:176,1
DA:179,5
DA:180,2
DA:181,2
DA:197,3
DA:198,10
DA:208,3
DA:212,2
DA:213,1
DA:218,2
DA:219,1
DA:220,3
DA:222,3
DA:230,3
DA:231,6
DA:241,3
DA:243,1
DA:246,1
DA:249,1
DA:253,1
DA:255,1
DA:257,1
DA:265,1
DA:266,4
DA:268,3
DA:269,1
DA:271,1
DA:272,1
DA:273,2
DA:278,1
DA:279,1
DA:281,1
DA:286,2
DA:294,1
DA:295,1
DA:296,2
DA:304,1
DA:306,2
DA:311,2
DA:312,4
DA:313,2
DA:319,1
DA:326,1
DA:336,1
DA:340,4
DA:341,2
DA:347,5
DA:350,3
DA:351,3
DA:353,1
DA:354,1
DA:359,2
DA:360,3
DA:361,2
DA:362,1
DA:363,1
DA:370,3
DA:372,3
DA:379,1
DA:380,1
DA:381,1
DA:383,1
DA:398,1
DA:399,2
DA:401,2
DA:404,3
DA:405,1
DA:409,1
DA:410,1
DA:411,2
DA:414,1
DA:420,2
DA:423,1
DA:424,1
DA:425,1
DA:428,1
DA:430,3
DA:437,2
DA:444,1
DA:445,2
DA:448,1
DA:449,1
DA:450,2
DA:453,1
DA:455,1
DA:456,1
DA:458,1
DA:459,1
DA:464,1
DA:465,1
DA:466,1
DA:469,1
DA:477,2
DA:480,2
DA:481,3
DA:482,1
DA:487,3
DA:491,1
DA:492,2
DA:493,1
DA:498,3
DA:500,3
DA:505,2
DA:507,1
DA:508,3
DA:513,1
DA:515,1
DA:516,4
DA:517,1
DA:527,1
DA:528,1
DA:529,2
DA:532,1
DA:539,3
DA:542,1
DA:543,2
DA:544,2
DA:549,2
DA:550,1
DA:551,2
DA:557,2
DA:558,2
DA:559,2
DA:560,2
DA:561,1
DA:568,1
DA:569,1
DA:570,2
DA:576,1
DA:584,1
DA:586,1
DA:588,1
DA:593,1
DA:596,1
DA:597,1
DA:598,1
DA:601,2
DA:602,2
DA:605,1
DA:608,1
DA:609,1
DA:611,1
DA:617,3
DA:619,1
DA:622,2
DA:623,2
DA:625,3
DA:627,3
DA:634,1
DA:635,1
DA:643,1
DA:645,1
DA:646,1
DA:652,2
DA:653,1
DA:659,2
DA:661,2
DA:664,1
DA:665,2
DA:666,2
DA:668,3
DA:673,1
DA:680,4
DA:681,1
DA:682,2
DA:683,2
DA:684,2
DA:687,0
DA:688,0
DA:694,1
DA:695,2
DA:696,1
DA:704,1
DA:708,2
DA:713,2
DA:715,1
DA:720,1
DA:721,1
DA:722,1
DA:726,2
DA:727,1
DA:732,1
DA:733,1
DA:739,2
DA:740,1
DA:743,1
LF:217
LH:214
end_of_record
SF:/Users/samuel/Desktop/dlibphonenumber/lib/short_number_info.dart
DA:32,0
DA:33,0
DA:34,0
DA:38,2
DA:39,1
DA:40,1
DA:41,1
DA:48,1
DA:56,1
DA:58,4
DA:59,1
DA:64,1
DA:67,2
DA:68,1
DA:73,1
DA:74,2
DA:77,1
DA:78,2
DA:84,1
DA:86,2
DA:88,2
DA:99,1
DA:101,1
DA:105,1
DA:109,2
DA:110,3
DA:120,1
DA:122,2
DA:123,2
DA:124,2
DA:125,1
DA:129,2
DA:130,1
DA:143,1
DA:145,1
DA:150,1
DA:155,1
DA:156,1
DA:157,1
DA:161,1
DA:162,1
DA:173,1
DA:175,2
DA:177,1
DA:178,2
DA:183,1
DA:207,1
DA:209,1
DA:214,1
DA:219,1
DA:224,2
DA:225,2
DA:231,1
DA:232,1
DA:235,1
DA:236,1
DA:239,1
DA:240,1
DA:243,1
DA:269,1
DA:271,2
DA:272,1
DA:275,2
DA:276,2
DA:279,2
DA:281,1
DA:283,1
DA:285,1
DA:288,1
DA:289,1
DA:293,1
DA:304,1
DA:306,1
DA:308,2
DA:309,1
DA:311,1
DA:312,2
DA:314,1
DA:316,1
DA:317,1
DA:330,1
DA:332,1
DA:337,1
DA:338,1
DA:339,1
DA:352,1
DA:354,1
DA:360,1
DA:361,1
DA:363,1
DA:364,1
DA:366,1
DA:367,1
DA:373,1
DA:374,1
DA:391,1
DA:392,1
DA:406,1
DA:407,1
DA:411,1
DA:413,1
DA:414,2
DA:421,1
DA:422,1
DA:427,1
DA:429,2
DA:431,1
DA:433,1
DA:447,1
DA:449,2
DA:451,1
DA:452,1
DA:453,1
DA:455,1
DA:456,1
DA:470,1
DA:472,1
DA:475,1
DA:477,1
DA:479,1
DA:480,1
DA:494,1
DA:495,1
DA:499,1
DA:501,1
DA:502,2
DA:514,1
DA:516,1
DA:517,1
DA:518,0
DA:519,0
DA:521,2
DA:522,1
DA:527,1
DA:529,2
DA:530,3
DA:533,1
LF:137
LH:132
end_of_record
SF:/Users/samuel/Desktop/dlibphonenumber/lib/phone_number_to_time_zones_mapper.dart
DA:27,0
DA:28,0
DA:29,0
DA:36,3
DA:40,1
DA:42,4
DA:59,1
DA:60,1
DA:71,1
DA:72,1
DA:73,1
DA:74,1
DA:75,1
DA:76,1
DA:77,1
DA:78,1
DA:81,1
DA:85,0
DA:97,1
DA:99,2
DA:100,2
DA:108,1
DA:110,2
DA:111,2
LF:24
LH:20
end_of_record
SF:/Users/samuel/Desktop/dlibphonenumber/lib/phone_number_offline_geocoder.dart
DA:25,0
DA:26,0
DA:27,0
DA:28,0
DA:30,1
DA:34,1
DA:42,1
DA:44,3
DA:45,2
DA:46,2
DA:49,2
DA:50,2
DA:53,1
DA:59,1
DA:64,1
DA:66,1
DA:67,1
DA:69,2
DA:89,1
DA:92,1
DA:94,1
DA:98,2
DA:99,2
DA:101,2
DA:104,2
DA:106,3
DA:109,2
DA:110,0
DA:114,2
DA:117,2
DA:121,1
DA:123,1
DA:129,2
DA:130,1
DA:131,1
DA:134,1
DA:150,1
DA:153,2
DA:154,1
DA:156,2
DA:158,1
DA:159,1
DA:161,1
DA:163,2
DA:164,1
DA:166,2
DA:168,1
DA:169,0
DA:171,1
LF:49
LH:43
end_of_record
SF:/Users/samuel/Desktop/dlibphonenumber/lib/locale.dart
DA:10,2
DA:15,1
DA:16,3
DA:17,2
DA:20,4
DA:21,4
DA:22,0
DA:23,2
DA:24,2
DA:25,0
DA:26,2
DA:28,0
DA:29,0
DA:30,0
DA:31,0
DA:32,0
DA:33,0
DA:34,0
DA:35,0
DA:36,0
DA:37,2
DA:38,0
DA:39,0
DA:40,0
DA:41,0
DA:43,1
DA:44,1
DA:45,1
DA:46,1
DA:47,1
DA:48,1
DA:49,1
DA:50,1
DA:51,1
DA:52,1
DA:53,1
DA:54,1
DA:55,1
DA:56,1
DA:57,1
DA:58,1
DA:59,1
DA:60,1
DA:61,1
DA:62,1
DA:63,1
DA:64,1
DA:65,1
DA:66,1
DA:67,1
DA:68,1
DA:69,1
DA:70,1
DA:71,1
DA:72,1
DA:73,1
DA:74,1
DA:75,1
DA:76,1
DA:77,1
DA:78,1
DA:82,1
DA:83,1
DA:397,1
DA:398,1
DA:712,1
DA:713,1
DA:1027,1
DA:1028,1
DA:1341,1
DA:1342,1
DA:1657,1
DA:1658,1
DA:1973,1
DA:1974,1
DA:2293,1
DA:2294,1
DA:2608,1
DA:2609,1
DA:2925,1
DA:2926,1
DA:3242,1
DA:3243,1
DA:3558,1
DA:3559,1
DA:3873,1
DA:3874,1
DA:4189,1
DA:4190,1
DA:4506,1
DA:4507,1
DA:4822,1
DA:4823,1
DA:5138,1
DA:5139,1
DA:5454,1
DA:5455,1
DA:5770,1
DA:5771,1
DA:6086,1
DA:6087,1
DA:6403,1
DA:6404,1
DA:6719,1
DA:6720,1
DA:7035,1
DA:7036,1
DA:7351,1
DA:7352,1
DA:7667,1
DA:7668,1
DA:7983,1
DA:7984,1
DA:8299,1
DA:8300,1
DA:8615,1
DA:8616,1
DA:8930,1
DA:8931,1
DA:9246,1
DA:9247,1
DA:9563,1
DA:9564,1
DA:9878,1
DA:9879,1
DA:10193,1
DA:10194,1
LF:127
LH:112
end_of_record
SF:/Users/samuel/Desktop/dlibphonenumber/lib/phone_number_to_carrier_mapper.dart
DA:28,0
DA:29,0
DA:30,0
DA:31,0
DA:32,0
DA:38,1
DA:42,1
DA:56,1
DA:57,1
DA:59,1
DA:60,2
DA:72,1
DA:73,2
DA:74,1
DA:75,1
DA:88,1
DA:89,2
DA:90,2
DA:93,1
DA:97,1
DA:98,1
DA:99,1
DA:100,1
LF:23
LH:18
end_of_record
SF:/Users/samuel/Desktop/dlibphonenumber/lib/generated/metadata/carrier/1242_en.dart
DA:6,0
DA:7,0
LF:2
LH:0
end_of_record
SF:/Users/samuel/Desktop/dlibphonenumber/lib/generated/metadata/carrier/1246_en.dart
DA:6,0
DA:7,0
LF:2
LH:0
end_of_record
SF:/Users/samuel/Desktop/dlibphonenumber/lib/generated/metadata/carrier/1264_en.dart
DA:6,0
DA:7,0
LF:2
LH:0
end_of_record
SF:/Users/samuel/Desktop/dlibphonenumber/lib/generated/metadata/carrier/1268_en.dart
DA:6,0
DA:7,0
LF:2
LH:0
end_of_record
SF:/Users/samuel/Desktop/dlibphonenumber/lib/generated/metadata/carrier/1284_en.dart
DA:6,0
DA:7,0
LF:2
LH:0
end_of_record
SF:/Users/samuel/Desktop/dlibphonenumber/lib/generated/metadata/carrier/1340_en.dart
DA:6,0
DA:7,0
LF:2
LH:0
end_of_record
SF:/Users/samuel/Desktop/dlibphonenumber/lib/generated/metadata/carrier/1345_en.dart
DA:6,0
DA:7,0
LF:2
LH:0
end_of_record
SF:/Users/samuel/Desktop/dlibphonenumber/lib/generated/metadata/carrier/1441_en.dart
DA:6,0
DA:7,0
LF:2
LH:0
end_of_record
SF:/Users/samuel/Desktop/dlibphonenumber/lib/generated/metadata/carrier/1473_en.dart
DA:6,0
DA:7,0
LF:2
LH:0
end_of_record
SF:/Users/samuel/Desktop/dlibphonenumber/lib/generated/metadata/carrier/1649_en.dart
DA:6,0
DA:7,0
LF:2
LH:0
end_of_record
SF:/Users/samuel/Desktop/dlibphonenumber/lib/generated/metadata/carrier/1658_en.dart
DA:6,0
DA:7,0
LF:2
LH:0
end_of_record
SF:/Users/samuel/Desktop/dlibphonenumber/lib/generated/metadata/carrier/1659_en.dart
DA:6,0
DA:7,0
LF:2
LH:0
end_of_record
SF:/Users/samuel/Desktop/dlibphonenumber/lib/generated/metadata/carrier/1664_en.dart
DA:6,0
DA:7,0
LF:2
LH:0
end_of_record
SF:/Users/samuel/Desktop/dlibphonenumber/lib/generated/metadata/carrier/1670_en.dart
DA:6,0
DA:7,0
LF:2
LH:0
end_of_record
SF:/Users/samuel/Desktop/dlibphonenumber/lib/generated/metadata/carrier/1671_en.dart
DA:6,0
DA:7,0
LF:2
LH:0
end_of_record
SF:/Users/samuel/Desktop/dlibphonenumber/lib/generated/metadata/carrier/1684_en.dart
DA:6,0
DA:7,0
LF:2
LH:0
end_of_record
SF:/Users/samuel/Desktop/dlibphonenumber/lib/generated/metadata/carrier/1758_en.dart
DA:6,0
DA:7,0
LF:2
LH:0
end_of_record
SF:/Users/samuel/Desktop/dlibphonenumber/lib/generated/metadata/carrier/1767_en.dart
DA:6,0
DA:7,0
LF:2
LH:0
end_of_record
SF:/Users/samuel/Desktop/dlibphonenumber/lib/generated/metadata/carrier/1784_en.dart
DA:6,0
DA:7,0
LF:2
LH:0
end_of_record
SF:/Users/samuel/Desktop/dlibphonenumber/lib/generated/metadata/carrier/1787_en.dart
DA:6,0
DA:7,0
LF:2
LH:0
end_of_record
SF:/Users/samuel/Desktop/dlibphonenumber/lib/generated/metadata/carrier/1809_en.dart
DA:6,0
DA:7,0
LF:2
LH:0
end_of_record
SF:/Users/samuel/Desktop/dlibphonenumber/lib/generated/metadata/carrier/1868_en.dart
DA:6,0
DA:7,0
LF:2
LH:0
end_of_record
SF:/Users/samuel/Desktop/dlibphonenumber/lib/generated/metadata/carrier/1869_en.dart
DA:6,0
DA:7,0
LF:2
LH:0
end_of_record
SF:/Users/samuel/Desktop/dlibphonenumber/lib/generated/metadata/carrier/1876_en.dart
DA:6,0
DA:7,0
LF:2
LH:0
end_of_record
SF:/Users/samuel/Desktop/dlibphonenumber/lib/generated/metadata/carrier/1939_en.dart
DA:6,0
DA:7,0
LF:2
LH:0
end_of_record
SF:/Users/samuel/Desktop/dlibphonenumber/lib/generated/metadata/carrier/20_en.dart
DA:6,0
DA:7,0
LF:2
LH:0
end_of_record
SF:/Users/samuel/Desktop/dlibphonenumber/lib/generated/metadata/carrier/211_en.dart
DA:6,0
DA:7,0
LF:2
LH:0
end_of_record
SF:/Users/samuel/Desktop/dlibphonenumber/lib/generated/metadata/carrier/212_en.dart
DA:6,0
DA:7,0
LF:2
LH:0
end_of_record
SF:/Users/samuel/Desktop/dlibphonenumber/lib/generated/metadata/carrier/213_en.dart
DA:6,0
DA:7,0
LF:2
LH:0
end_of_record
SF:/Users/samuel/Desktop/dlibphonenumber/lib/generated/metadata/carrier/216_en.dart
DA:6,0
DA:7,0
LF:2
LH:0
end_of_record
SF:/Users/samuel/Desktop/dlibphonenumber/lib/generated/metadata/carrier/218_en.dart
DA:6,0
DA:7,0
LF:2
LH:0
end_of_record
SF:/Users/samuel/Desktop/dlibphonenumber/lib/generated/metadata/carrier/220_en.dart
DA:6,0
DA:7,0
LF:2
LH:0
end_of_record
SF:/Users/samuel/Desktop/dlibphonenumber/lib/generated/metadata/carrier/221_en.dart
DA:6,0
DA:7,0
LF:2
LH:0
end_of_record
SF:/Users/samuel/Desktop/dlibphonenumber/lib/generated/metadata/carrier/222_en.dart
DA:6,0
DA:7,0
LF:2
LH:0
end_of_record
SF:/Users/samuel/Desktop/dlibphonenumber/lib/generated/metadata/carrier/223_en.dart
DA:6,0
DA:7,0
LF:2
LH:0
end_of_record
SF:/Users/samuel/Desktop/dlibphonenumber/lib/generated/metadata/carrier/224_en.dart
DA:6,0
DA:7,0
LF:2
LH:0
end_of_record
SF:/Users/samuel/Desktop/dlibphonenumber/lib/generated/metadata/carrier/225_en.dart
DA:6,0
DA:7,0
LF:2
LH:0
end_of_record
SF:/Users/samuel/Desktop/dlibphonenumber/lib/generated/metadata/carrier/226_en.dart
DA:6,0
DA:7,0
LF:2
LH:0
end_of_record
SF:/Users/samuel/Desktop/dlibphonenumber/lib/generated/metadata/carrier/227_en.dart
DA:6,0
DA:7,0
LF:2
LH:0
end_of_record
SF:/Users/samuel/Desktop/dlibphonenumber/lib/generated/metadata/carrier/228_en.dart
DA:6,0
DA:7,0
LF:2
LH:0
end_of_record
SF:/Users/samuel/Desktop/dlibphonenumber/lib/generated/metadata/carrier/229_en.dart
DA:6,0
DA:7,0
LF:2
LH:0
end_of_record
SF:/Users/samuel/Desktop/dlibphonenumber/lib/generated/metadata/carrier/230_en.dart
DA:6,0
DA:7,0
LF:2
LH:0
end_of_record
SF:/Users/samuel/Desktop/dlibphonenumber/lib/generated/metadata/carrier/231_en.dart
DA:6,0
DA:7,0
LF:2
LH:0
end_of_record
SF:/Users/samuel/Desktop/dlibphonenumber/lib/generated/metadata/carrier/232_en.dart
DA:6,0
DA:7,0
LF:2
LH:0
end_of_record
SF:/Users/samuel/Desktop/dlibphonenumber/lib/generated/metadata/carrier/233_en.dart
DA:6,0
DA:7,0
LF:2
LH:0
end_of_record
SF:/Users/samuel/Desktop/dlibphonenumber/lib/generated/metadata/carrier/234_en.dart
DA:6,0
DA:7,0
LF:2
LH:0
end_of_record
SF:/Users/samuel/Desktop/dlibphonenumber/lib/generated/metadata/carrier/235_en.dart
DA:6,0
DA:7,0
LF:2
LH:0
end_of_record
SF:/Users/samuel/Desktop/dlibphonenumber/lib/generated/metadata/carrier/236_en.dart
DA:6,0
DA:7,0
LF:2
LH:0
end_of_record
SF:/Users/samuel/Desktop/dlibphonenumber/lib/generated/metadata/carrier/237_en.dart
DA:6,0
DA:7,0
LF:2
LH:0
end_of_record
SF:/Users/samuel/Desktop/dlibphonenumber/lib/generated/metadata/carrier/238_en.dart
DA:6,0
DA:7,0
LF:2
LH:0
end_of_record
SF:/Users/samuel/Desktop/dlibphonenumber/lib/generated/metadata/carrier/239_en.dart
DA:6,0
DA:7,0
LF:2
LH:0
end_of_record
SF:/Users/samuel/Desktop/dlibphonenumber/lib/generated/metadata/carrier/240_en.dart
DA:6,0
DA:7,0
LF:2
LH:0
end_of_record
SF:/Users/samuel/Desktop/dlibphonenumber/lib/generated/metadata/carrier/241_en.dart
DA:6,0
DA:7,0
LF:2
LH:0
end_of_record
SF:/Users/samuel/Desktop/dlibphonenumber/lib/generated/metadata/carrier/242_en.dart
DA:6,0
DA:7,0
LF:2
LH:0
end_of_record
SF:/Users/samuel/Desktop/dlibphonenumber/lib/generated/metadata/carrier/243_en.dart
DA:6,0
DA:7,0
LF:2
LH:0
end_of_record
SF:/Users/samuel/Desktop/dlibphonenumber/lib/generated/metadata/carrier/244_en.dart
DA:6,0
DA:7,0
LF:2
LH:0
end_of_record
SF:/Users/samuel/Desktop/dlibphonenumber/lib/generated/metadata/carrier/245_en.dart
DA:6,0
DA:7,0
LF:2
LH:0
end_of_record
SF:/Users/samuel/Desktop/dlibphonenumber/lib/generated/metadata/carrier/246_en.dart
DA:6,0
DA:7,0
LF:2
LH:0
end_of_record
SF:/Users/samuel/Desktop/dlibphonenumber/lib/generated/metadata/carrier/247_en.dart
DA:6,0
DA:7,0
LF:2
LH:0
end_of_record
SF:/Users/samuel/Desktop/dlibphonenumber/lib/generated/metadata/carrier/248_en.dart
DA:6,0
DA:7,0
LF:2
LH:0
end_of_record
SF:/Users/samuel/Desktop/dlibphonenumber/lib/generated/metadata/carrier/249_en.dart
DA:6,0
DA:7,0
LF:2
LH:0
end_of_record
SF:/Users/samuel/Desktop/dlibphonenumber/lib/generated/metadata/carrier/250_en.dart
DA:6,0
DA:7,0
LF:2
LH:0
end_of_record
SF:/Users/samuel/Desktop/dlibphonenumber/lib/generated/metadata/carrier/251_en.dart
DA:6,0
DA:7,0
LF:2
LH:0
end_of_record
SF:/Users/samuel/Desktop/dlibphonenumber/lib/generated/metadata/carrier/252_en.dart
DA:6,0
DA:7,0
LF:2
LH:0
end_of_record
SF:/Users/samuel/Desktop/dlibphonenumber/lib/generated/metadata/carrier/253_en.dart
DA:6,0
DA:7,0
LF:2
LH:0
end_of_record
SF:/Users/samuel/Desktop/dlibphonenumber/lib/generated/metadata/carrier/254_en.dart
DA:6,0
DA:7,0
LF:2
LH:0
end_of_record
SF:/Users/samuel/Desktop/dlibphonenumber/lib/generated/metadata/carrier/255_en.dart
DA:6,0
DA:7,0
LF:2
LH:0
end_of_record
SF:/Users/samuel/Desktop/dlibphonenumber/lib/generated/metadata/carrier/256_en.dart
DA:6,0
DA:7,0
LF:2
LH:0
end_of_record
SF:/Users/samuel/Desktop/dlibphonenumber/lib/generated/metadata/carrier/257_en.dart
DA:6,0
DA:7,0
LF:2
LH:0
end_of_record
SF:/Users/samuel/Desktop/dlibphonenumber/lib/generated/metadata/carrier/258_en.dart
DA:6,0
DA:7,0
LF:2
LH:0
end_of_record
SF:/Users/samuel/Desktop/dlibphonenumber/lib/generated/metadata/carrier/260_en.dart
DA:6,0
DA:7,0
LF:2
LH:0
end_of_record
SF:/Users/samuel/Desktop/dlibphonenumber/lib/generated/metadata/carrier/261_en.dart
DA:6,0
DA:7,0
LF:2
LH:0
end_of_record
SF:/Users/samuel/Desktop/dlibphonenumber/lib/generated/metadata/carrier/262_en.dart
DA:6,0
DA:7,0
LF:2
LH:0
end_of_record
SF:/Users/samuel/Desktop/dlibphonenumber/lib/generated/metadata/carrier/263_en.dart
DA:6,0
DA:7,0
LF:2
LH:0
end_of_record
SF:/Users/samuel/Desktop/dlibphonenumber/lib/generated/metadata/carrier/264_en.dart
DA:6,0
DA:7,0
LF:2
LH:0
end_of_record
SF:/Users/samuel/Desktop/dlibphonenumber/lib/generated/metadata/carrier/265_en.dart
DA:6,0
DA:7,0
LF:2
LH:0
end_of_record
SF:/Users/samuel/Desktop/dlibphonenumber/lib/generated/metadata/carrier/266_en.dart
DA:6,0
DA:7,0
LF:2
LH:0
end_of_record
SF:/Users/samuel/Desktop/dlibphonenumber/lib/generated/metadata/carrier/267_en.dart
DA:6,0
DA:7,0
LF:2
LH:0
end_of_record
SF:/Users/samuel/Desktop/dlibphonenumber/lib/generated/metadata/carrier/268_en.dart
DA:6,0
DA:7,0
LF:2
LH:0
end_of_record
SF:/Users/samuel/Desktop/dlibphonenumber/lib/generated/metadata/carrier/269_en.dart
DA:6,0
DA:7,0
LF:2
LH:0
end_of_record
SF:/Users/samuel/Desktop/dlibphonenumber/lib/generated/metadata/carrier/27_en.dart
DA:6,0
DA:7,0
LF:2
LH:0
end_of_record
SF:/Users/samuel/Desktop/dlibphonenumber/lib/generated/metadata/carrier/290_en.dart
DA:6,0
DA:7,0
LF:2
LH:0
end_of_record
SF:/Users/samuel/Desktop/dlibphonenumber/lib/generated/metadata/carrier/291_en.dart
DA:6,0
DA:7,0
LF:2
LH:0
end_of_record
SF:/Users/samuel/Desktop/dlibphonenumber/lib/generated/metadata/carrier/297_en.dart
DA:6,0
DA:7,0
LF:2
LH:0
end_of_record
SF:/Users/samuel/Desktop/dlibphonenumber/lib/generated/metadata/carrier/298_en.dart
DA:6,0
DA:7,0
LF:2
LH:0
end_of_record
SF:/Users/samuel/Desktop/dlibphonenumber/lib/generated/metadata/carrier/299_en.dart
DA:6,0
DA:7,0
LF:2
LH:0
end_of_record
SF:/Users/samuel/Desktop/dlibphonenumber/lib/generated/metadata/carrier/30_en.dart
DA:6,0
DA:7,0
LF:2
LH:0
end_of_record
SF:/Users/samuel/Desktop/dlibphonenumber/lib/generated/metadata/carrier/31_en.dart
DA:6,0
DA:7,0
LF:2
LH:0
end_of_record
SF:/Users/samuel/Desktop/dlibphonenumber/lib/generated/metadata/carrier/32_en.dart
DA:6,0
DA:7,0
LF:2
LH:0
end_of_record
SF:/Users/samuel/Desktop/dlibphonenumber/lib/generated/metadata/carrier/33_en.dart
DA:6,0
DA:7,0
LF:2
LH:0
end_of_record
SF:/Users/samuel/Desktop/dlibphonenumber/lib/generated/metadata/carrier/34_en.dart
DA:6,0
DA:7,0
LF:2
LH:0
end_of_record
SF:/Users/samuel/Desktop/dlibphonenumber/lib/generated/metadata/carrier/350_en.dart
DA:6,0
DA:7,0
LF:2
LH:0
end_of_record
SF:/Users/samuel/Desktop/dlibphonenumber/lib/generated/metadata/carrier/351_en.dart
DA:6,0
DA:7,0
LF:2
LH:0
end_of_record
SF:/Users/samuel/Desktop/dlibphonenumber/lib/generated/metadata/carrier/352_en.dart
DA:6,0
DA:7,0
LF:2
LH:0
end_of_record
SF:/Users/samuel/Desktop/dlibphonenumber/lib/generated/metadata/carrier/353_en.dart
DA:6,0
DA:7,0
LF:2
LH:0
end_of_record
SF:/Users/samuel/Desktop/dlibphonenumber/lib/generated/metadata/carrier/354_en.dart
DA:6,0
DA:7,0
LF:2
LH:0
end_of_record
SF:/Users/samuel/Desktop/dlibphonenumber/lib/generated/metadata/carrier/355_en.dart
DA:6,0
DA:7,0
LF:2
LH:0
end_of_record
SF:/Users/samuel/Desktop/dlibphonenumber/lib/generated/metadata/carrier/356_en.dart
DA:6,0
DA:7,0
LF:2
LH:0
end_of_record
SF:/Users/samuel/Desktop/dlibphonenumber/lib/generated/metadata/carrier/357_en.dart
DA:6,0
DA:7,0
LF:2
LH:0
end_of_record
SF:/Users/samuel/Desktop/dlibphonenumber/lib/generated/metadata/carrier/358_en.dart
DA:6,0
DA:7,0
LF:2
LH:0
end_of_record
SF:/Users/samuel/Desktop/dlibphonenumber/lib/generated/metadata/carrier/359_en.dart
DA:6,0
DA:7,0
LF:2
LH:0
end_of_record
SF:/Users/samuel/Desktop/dlibphonenumber/lib/generated/metadata/carrier/36_en.dart
DA:6,0
DA:7,0
LF:2
LH:0
end_of_record
SF:/Users/samuel/Desktop/dlibphonenumber/lib/generated/metadata/carrier/370_en.dart
DA:6,0
DA:7,0
LF:2
LH:0
end_of_record
SF:/Users/samuel/Desktop/dlibphonenumber/lib/generated/metadata/carrier/371_en.dart
DA:6,0
DA:7,0
LF:2
LH:0
end_of_record
SF:/Users/samuel/Desktop/dlibphonenumber/lib/generated/metadata/carrier/372_en.dart
DA:6,0
DA:7,0
LF:2
LH:0
end_of_record
SF:/Users/samuel/Desktop/dlibphonenumber/lib/generated/metadata/carrier/373_en.dart
DA:6,0
DA:7,0
LF:2
LH:0
end_of_record
SF:/Users/samuel/Desktop/dlibphonenumber/lib/generated/metadata/carrier/374_en.dart
DA:6,0
DA:7,0
LF:2
LH:0
end_of_record
SF:/Users/samuel/Desktop/dlibphonenumber/lib/generated/metadata/carrier/374_ru.dart
DA:6,0
DA:7,0
LF:2
LH:0
end_of_record
SF:/Users/samuel/Desktop/dlibphonenumber/lib/generated/metadata/carrier/375_be.dart
DA:6,0
DA:7,0
LF:2
LH:0
end_of_record
SF:/Users/samuel/Desktop/dlibphonenumber/lib/generated/metadata/carrier/375_en.dart
DA:6,0
DA:7,0
LF:2
LH:0
end_of_record
SF:/Users/samuel/Desktop/dlibphonenumber/lib/generated/metadata/carrier/375_ru.dart
DA:6,0
DA:7,0
LF:2
LH:0
end_of_record
SF:/Users/samuel/Desktop/dlibphonenumber/lib/generated/metadata/carrier/376_en.dart
DA:6,0
DA:7,0
LF:2
LH:0
end_of_record
SF:/Users/samuel/Desktop/dlibphonenumber/lib/generated/metadata/carrier/377_en.dart
DA:6,0
DA:7,0
LF:2
LH:0
end_of_record
SF:/Users/samuel/Desktop/dlibphonenumber/lib/generated/metadata/carrier/378_en.dart
DA:6,0
DA:7,0
LF:2
LH:0
end_of_record
SF:/Users/samuel/Desktop/dlibphonenumber/lib/generated/metadata/carrier/380_en.dart
DA:6,0
DA:7,0
LF:2
LH:0
end_of_record
SF:/Users/samuel/Desktop/dlibphonenumber/lib/generated/metadata/carrier/380_uk.dart
DA:6,0
DA:7,0
LF:2
LH:0
end_of_record
SF:/Users/samuel/Desktop/dlibphonenumber/lib/generated/metadata/carrier/381_en.dart
DA:6,0
DA:7,0
LF:2
LH:0
end_of_record
SF:/Users/samuel/Desktop/dlibphonenumber/lib/generated/metadata/carrier/382_en.dart
DA:6,0
DA:7,0
LF:2
LH:0
end_of_record
SF:/Users/samuel/Desktop/dlibphonenumber/lib/generated/metadata/carrier/383_en.dart
DA:6,0
DA:7,0
LF:2
LH:0
end_of_record
SF:/Users/samuel/Desktop/dlibphonenumber/lib/generated/metadata/carrier/385_en.dart
DA:6,0
DA:7,0
LF:2
LH:0
end_of_record
SF:/Users/samuel/Desktop/dlibphonenumber/lib/generated/metadata/carrier/386_en.dart
DA:6,0
DA:7,0
LF:2
LH:0
end_of_record
SF:/Users/samuel/Desktop/dlibphonenumber/lib/generated/metadata/carrier/387_en.dart
DA:6,0
DA:7,0
LF:2
LH:0
end_of_record
SF:/Users/samuel/Desktop/dlibphonenumber/lib/generated/metadata/carrier/389_en.dart
DA:6,0
DA:7,0
LF:2
LH:0
end_of_record
SF:/Users/samuel/Desktop/dlibphonenumber/lib/generated/metadata/carrier/39_en.dart
DA:6,0
DA:7,0
LF:2
LH:0
end_of_record
SF:/Users/samuel/Desktop/dlibphonenumber/lib/generated/metadata/carrier/40_en.dart
DA:6,0
DA:7,0
LF:2
LH:0
end_of_record
SF:/Users/samuel/Desktop/dlibphonenumber/lib/generated/metadata/carrier/41_en.dart
DA:6,0
DA:7,0
LF:2
LH:0
end_of_record
SF:/Users/samuel/Desktop/dlibphonenumber/lib/generated/metadata/carrier/420_en.dart
DA:6,0
DA:7,0
LF:2
LH:0
end_of_record
SF:/Users/samuel/Desktop/dlibphonenumber/lib/generated/metadata/carrier/421_en.dart
DA:6,0
DA:7,0
LF:2
LH:0
end_of_record
SF:/Users/samuel/Desktop/dlibphonenumber/lib/generated/metadata/carrier/423_en.dart
DA:6,0
DA:7,0
LF:2
LH:0
end_of_record
SF:/Users/samuel/Desktop/dlibphonenumber/lib/generated/metadata/carrier/43_en.dart
DA:6,0
DA:7,0
LF:2
LH:0
end_of_record
SF:/Users/samuel/Desktop/dlibphonenumber/lib/generated/metadata/carrier/44_en.dart
DA:6,0
DA:7,0
LF:2
LH:0
end_of_record
SF:/Users/samuel/Desktop/dlibphonenumber/lib/generated/metadata/carrier/45_en.dart
DA:6,0
DA:7,0
LF:2
LH:0
end_of_record
SF:/Users/samuel/Desktop/dlibphonenumber/lib/generated/metadata/carrier/46_en.dart
DA:6,0
DA:7,0
LF:2
LH:0
end_of_record
SF:/Users/samuel/Desktop/dlibphonenumber/lib/generated/metadata/carrier/47_en.dart
DA:6,0
DA:7,0
LF:2
LH:0
end_of_record
SF:/Users/samuel/Desktop/dlibphonenumber/lib/generated/metadata/carrier/48_en.dart
DA:6,0
DA:7,0
LF:2
LH:0
end_of_record
SF:/Users/samuel/Desktop/dlibphonenumber/lib/generated/metadata/carrier/49_en.dart
DA:6,0
DA:7,0
LF:2
LH:0
end_of_record
SF:/Users/samuel/Desktop/dlibphonenumber/lib/generated/metadata/carrier/500_en.dart
DA:6,0
DA:7,0
LF:2
LH:0
end_of_record
SF:/Users/samuel/Desktop/dlibphonenumber/lib/generated/metadata/carrier/501_en.dart
DA:6,0
DA:7,0
LF:2
LH:0
end_of_record
SF:/Users/samuel/Desktop/dlibphonenumber/lib/generated/metadata/carrier/502_en.dart
DA:6,0
DA:7,0
LF:2
LH:0
end_of_record
SF:/Users/samuel/Desktop/dlibphonenumber/lib/generated/metadata/carrier/503_en.dart
DA:6,0
DA:7,0
LF:2
LH:0
end_of_record
SF:/Users/samuel/Desktop/dlibphonenumber/lib/generated/metadata/carrier/504_en.dart
DA:6,0
DA:7,0
LF:2
LH:0
end_of_record
SF:/Users/samuel/Desktop/dlibphonenumber/lib/generated/metadata/carrier/505_en.dart
DA:6,0
DA:7,0
LF:2
LH:0
end_of_record
SF:/Users/samuel/Desktop/dlibphonenumber/lib/generated/metadata/carrier/506_en.dart
DA:6,0
DA:7,0
LF:2
LH:0
end_of_record
SF:/Users/samuel/Desktop/dlibphonenumber/lib/generated/metadata/carrier/507_en.dart
DA:6,0
DA:7,0
LF:2
LH:0
end_of_record
SF:/Users/samuel/Desktop/dlibphonenumber/lib/generated/metadata/carrier/508_en.dart
DA:6,0
DA:7,0
LF:2
LH:0
end_of_record
SF:/Users/samuel/Desktop/dlibphonenumber/lib/generated/metadata/carrier/509_en.dart
DA:6,0
DA:7,0
LF:2
LH:0
end_of_record
SF:/Users/samuel/Desktop/dlibphonenumber/lib/generated/metadata/carrier/51_en.dart
DA:6,0
DA:7,0
LF:2
LH:0
end_of_record
SF:/Users/samuel/Desktop/dlibphonenumber/lib/generated/metadata/carrier/53_en.dart
DA:6,0
DA:7,0
LF:2
LH:0
end_of_record
SF:/Users/samuel/Desktop/dlibphonenumber/lib/generated/metadata/carrier/55_en.dart
DA:6,0
DA:7,0
LF:2
LH:0
end_of_record
SF:/Users/samuel/Desktop/dlibphonenumber/lib/generated/metadata/carrier/56_en.dart
DA:6,0
DA:7,0
LF:2
LH:0
end_of_record
SF:/Users/samuel/Desktop/dlibphonenumber/lib/generated/metadata/carrier/57_en.dart
DA:6,0
DA:7,0
LF:2
LH:0
end_of_record
SF:/Users/samuel/Desktop/dlibphonenumber/lib/generated/metadata/carrier/58_en.dart
DA:6,0
DA:7,0
LF:2
LH:0
end_of_record
SF:/Users/samuel/Desktop/dlibphonenumber/lib/generated/metadata/carrier/590_en.dart
DA:6,0
DA:7,0
LF:2
LH:0
end_of_record
SF:/Users/samuel/Desktop/dlibphonenumber/lib/generated/metadata/carrier/591_en.dart
DA:6,0
DA:7,0
LF:2
LH:0
end_of_record
SF:/Users/samuel/Desktop/dlibphonenumber/lib/generated/metadata/carrier/592_en.dart
DA:6,0
DA:7,0
LF:2
LH:0
end_of_record
SF:/Users/samuel/Desktop/dlibphonenumber/lib/generated/metadata/carrier/593_en.dart
DA:6,0
DA:7,0
LF:2
LH:0
end_of_record
SF:/Users/samuel/Desktop/dlibphonenumber/lib/generated/metadata/carrier/594_en.dart
DA:6,0
DA:7,0
LF:2
LH:0
end_of_record
SF:/Users/samuel/Desktop/dlibphonenumber/lib/generated/metadata/carrier/595_en.dart
DA:6,0
DA:7,0
LF:2
LH:0
end_of_record
SF:/Users/samuel/Desktop/dlibphonenumber/lib/generated/metadata/carrier/596_en.dart
DA:6,0
DA:7,0
LF:2
LH:0
end_of_record
SF:/Users/samuel/Desktop/dlibphonenumber/lib/generated/metadata/carrier/597_en.dart
DA:6,0
DA:7,0
LF:2
LH:0
end_of_record
SF:/Users/samuel/Desktop/dlibphonenumber/lib/generated/metadata/carrier/598_en.dart
DA:6,0
DA:7,0
LF:2
LH:0
end_of_record
SF:/Users/samuel/Desktop/dlibphonenumber/lib/generated/metadata/carrier/599_en.dart
DA:6,0
DA:7,0
LF:2
LH:0
end_of_record
SF:/Users/samuel/Desktop/dlibphonenumber/lib/generated/metadata/carrier/60_en.dart
DA:6,0
DA:7,0
LF:2
LH:0
end_of_record
SF:/Users/samuel/Desktop/dlibphonenumber/lib/generated/metadata/carrier/61_en.dart
DA:6,0
DA:7,0
LF:2
LH:0
end_of_record
SF:/Users/samuel/Desktop/dlibphonenumber/lib/generated/metadata/carrier/62_en.dart
DA:6,0
DA:7,0
LF:2
LH:0
end_of_record
SF:/Users/samuel/Desktop/dlibphonenumber/lib/generated/metadata/carrier/63_en.dart
DA:6,0
DA:7,0
LF:2
LH:0
end_of_record
SF:/Users/samuel/Desktop/dlibphonenumber/lib/generated/metadata/carrier/64_en.dart
DA:6,0
DA:7,0
LF:2
LH:0
end_of_record
SF:/Users/samuel/Desktop/dlibphonenumber/lib/generated/metadata/carrier/65_en.dart
DA:6,0
DA:7,0
LF:2
LH:0
end_of_record
SF:/Users/samuel/Desktop/dlibphonenumber/lib/generated/metadata/carrier/66_en.dart
DA:6,0
DA:7,0
LF:2
LH:0
end_of_record
SF:/Users/samuel/Desktop/dlibphonenumber/lib/generated/metadata/carrier/670_en.dart
DA:6,0
DA:7,0
LF:2
LH:0
end_of_record
SF:/Users/samuel/Desktop/dlibphonenumber/lib/generated/metadata/carrier/672_en.dart
DA:6,0
DA:7,0
LF:2
LH:0
end_of_record
SF:/Users/samuel/Desktop/dlibphonenumber/lib/generated/metadata/carrier/673_en.dart
DA:6,0
DA:7,0
LF:2
LH:0
end_of_record
SF:/Users/samuel/Desktop/dlibphonenumber/lib/generated/metadata/carrier/674_en.dart
DA:6,0
DA:7,0
LF:2
LH:0
end_of_record
SF:/Users/samuel/Desktop/dlibphonenumber/lib/generated/metadata/carrier/675_en.dart
DA:6,0
DA:7,0
LF:2
LH:0
end_of_record
SF:/Users/samuel/Desktop/dlibphonenumber/lib/generated/metadata/carrier/676_en.dart
DA:6,0
DA:7,0
LF:2
LH:0
end_of_record
SF:/Users/samuel/Desktop/dlibphonenumber/lib/generated/metadata/carrier/677_en.dart
DA:6,0
DA:7,0
LF:2
LH:0
end_of_record
SF:/Users/samuel/Desktop/dlibphonenumber/lib/generated/metadata/carrier/678_en.dart
DA:6,0
DA:7,0
LF:2
LH:0
end_of_record
SF:/Users/samuel/Desktop/dlibphonenumber/lib/generated/metadata/carrier/679_en.dart
DA:6,0
DA:7,0
LF:2
LH:0
end_of_record
SF:/Users/samuel/Desktop/dlibphonenumber/lib/generated/metadata/carrier/680_en.dart
DA:6,0
DA:7,0
LF:2
LH:0
end_of_record
SF:/Users/samuel/Desktop/dlibphonenumber/lib/generated/metadata/carrier/681_en.dart
DA:6,0
DA:7,0
LF:2
LH:0
end_of_record
SF:/Users/samuel/Desktop/dlibphonenumber/lib/generated/metadata/carrier/682_en.dart
DA:6,0
DA:7,0
LF:2
LH:0
end_of_record
SF:/Users/samuel/Desktop/dlibphonenumber/lib/generated/metadata/carrier/683_en.dart
DA:6,0
DA:7,0
LF:2
LH:0
end_of_record
SF:/Users/samuel/Desktop/dlibphonenumber/lib/generated/metadata/carrier/685_en.dart
DA:6,0
DA:7,0
LF:2
LH:0
end_of_record
SF:/Users/samuel/Desktop/dlibphonenumber/lib/generated/metadata/carrier/686_en.dart
DA:6,0
DA:7,0
LF:2
LH:0
end_of_record
SF:/Users/samuel/Desktop/dlibphonenumber/lib/generated/metadata/carrier/687_en.dart
DA:6,0
DA:7,0
LF:2
LH:0
end_of_record
SF:/Users/samuel/Desktop/dlibphonenumber/lib/generated/metadata/carrier/688_en.dart
DA:6,0
DA:7,0
LF:2
LH:0
end_of_record
SF:/Users/samuel/Desktop/dlibphonenumber/lib/generated/metadata/carrier/689_en.dart
DA:6,0
DA:7,0
LF:2
LH:0
end_of_record
SF:/Users/samuel/Desktop/dlibphonenumber/lib/generated/metadata/carrier/690_en.dart
DA:6,0
DA:7,0
LF:2
LH:0
end_of_record
SF:/Users/samuel/Desktop/dlibphonenumber/lib/generated/metadata/carrier/691_en.dart
DA:6,0
DA:7,0
LF:2
LH:0
end_of_record
SF:/Users/samuel/Desktop/dlibphonenumber/lib/generated/metadata/carrier/692_en.dart
DA:6,0
DA:7,0
LF:2
LH:0
end_of_record
SF:/Users/samuel/Desktop/dlibphonenumber/lib/generated/metadata/carrier/7_en.dart
DA:6,0
DA:7,0
LF:2
LH:0
end_of_record
SF:/Users/samuel/Desktop/dlibphonenumber/lib/generated/metadata/carrier/7_ru.dart
DA:6,0
DA:7,0
LF:2
LH:0
end_of_record
SF:/Users/samuel/Desktop/dlibphonenumber/lib/generated/metadata/carrier/81_en.dart
DA:6,0
DA:7,0
LF:2
LH:0
end_of_record
SF:/Users/samuel/Desktop/dlibphonenumber/lib/generated/metadata/carrier/82_en.dart
DA:6,0
DA:7,0
LF:2
LH:0
end_of_record
SF:/Users/samuel/Desktop/dlibphonenumber/lib/generated/metadata/carrier/82_ko.dart
DA:6,0
DA:7,0
LF:2
LH:0
end_of_record
SF:/Users/samuel/Desktop/dlibphonenumber/lib/generated/metadata/carrier/84_en.dart
DA:6,0
DA:7,0
LF:2
LH:0
end_of_record
SF:/Users/samuel/Desktop/dlibphonenumber/lib/generated/metadata/carrier/850_en.dart
DA:6,0
DA:7,0
LF:2
LH:0
end_of_record
SF:/Users/samuel/Desktop/dlibphonenumber/lib/generated/metadata/carrier/852_en.dart
DA:6,0
DA:7,0
LF:2
LH:0
end_of_record
SF:/Users/samuel/Desktop/dlibphonenumber/lib/generated/metadata/carrier/852_zh.dart
DA:6,0
DA:7,0
LF:2
LH:0
end_of_record
SF:/Users/samuel/Desktop/dlibphonenumber/lib/generated/metadata/carrier/852_zh_Hant.dart
DA:6,0
DA:7,0
LF:2
LH:0
end_of_record
SF:/Users/samuel/Desktop/dlibphonenumber/lib/generated/metadata/carrier/853_en.dart
DA:6,0
DA:7,0
LF:2
LH:0
end_of_record
SF:/Users/samuel/Desktop/dlibphonenumber/lib/generated/metadata/carrier/855_en.dart
DA:6,0
DA:7,0
LF:2
LH:0
end_of_record
SF:/Users/samuel/Desktop/dlibphonenumber/lib/generated/metadata/carrier/856_en.dart
DA:6,0
DA:7,0
LF:2
LH:0
end_of_record
SF:/Users/samuel/Desktop/dlibphonenumber/lib/generated/metadata/carrier/86_en.dart
DA:6,0
DA:7,0
LF:2
LH:0
end_of_record
SF:/Users/samuel/Desktop/dlibphonenumber/lib/generated/metadata/carrier/86_zh.dart
DA:6,0
DA:7,0
LF:2
LH:0
end_of_record
SF:/Users/samuel/Desktop/dlibphonenumber/lib/generated/metadata/carrier/86_zh_Hant.dart
DA:6,0
DA:7,0
LF:2
LH:0
end_of_record
SF:/Users/samuel/Desktop/dlibphonenumber/lib/generated/metadata/carrier/880_en.dart
DA:6,0
DA:7,0
LF:2
LH:0
end_of_record
SF:/Users/samuel/Desktop/dlibphonenumber/lib/generated/metadata/carrier/881_en.dart
DA:6,0
DA:7,0
LF:2
LH:0
end_of_record
SF:/Users/samuel/Desktop/dlibphonenumber/lib/generated/metadata/carrier/882_en.dart
DA:6,0
DA:7,0
LF:2
LH:0
end_of_record
SF:/Users/samuel/Desktop/dlibphonenumber/lib/generated/metadata/carrier/886_en.dart
DA:6,0
DA:7,0
LF:2
LH:0
end_of_record
SF:/Users/samuel/Desktop/dlibphonenumber/lib/generated/metadata/carrier/90_en.dart
DA:6,0
DA:7,0
LF:2
LH:0
end_of_record
SF:/Users/samuel/Desktop/dlibphonenumber/lib/generated/metadata/carrier/91_en.dart
DA:6,0
DA:7,0
LF:2
LH:0
end_of_record
SF:/Users/samuel/Desktop/dlibphonenumber/lib/generated/metadata/carrier/92_en.dart
DA:6,0
DA:7,0
LF:2
LH:0
end_of_record
SF:/Users/samuel/Desktop/dlibphonenumber/lib/generated/metadata/carrier/93_en.dart
DA:6,0
DA:7,0
LF:2
LH:0
end_of_record
SF:/Users/samuel/Desktop/dlibphonenumber/lib/generated/metadata/carrier/93_fa.dart
DA:6,0
DA:7,0
LF:2
LH:0
end_of_record
SF:/Users/samuel/Desktop/dlibphonenumber/lib/generated/metadata/carrier/94_en.dart
DA:6,0
DA:7,0
LF:2
LH:0
end_of_record
SF:/Users/samuel/Desktop/dlibphonenumber/lib/generated/metadata/carrier/95_en.dart
DA:6,0
DA:7,0
LF:2
LH:0
end_of_record
SF:/Users/samuel/Desktop/dlibphonenumber/lib/generated/metadata/carrier/960_en.dart
DA:6,0
DA:7,0
LF:2
LH:0
end_of_record
SF:/Users/samuel/Desktop/dlibphonenumber/lib/generated/metadata/carrier/961_en.dart
DA:6,0
DA:7,0
LF:2
LH:0
end_of_record
SF:/Users/samuel/Desktop/dlibphonenumber/lib/generated/metadata/carrier/962_en.dart
DA:6,0
DA:7,0
LF:2
LH:0
end_of_record
SF:/Users/samuel/Desktop/dlibphonenumber/lib/generated/metadata/carrier/963_en.dart
DA:6,0
DA:7,0
LF:2
LH:0
end_of_record
SF:/Users/samuel/Desktop/dlibphonenumber/lib/generated/metadata/carrier/964_en.dart
DA:6,0
DA:7,0
LF:2
LH:0
end_of_record
SF:/Users/samuel/Desktop/dlibphonenumber/lib/generated/metadata/carrier/965_ar.dart
DA:6,0
DA:7,0
LF:2
LH:0
end_of_record
SF:/Users/samuel/Desktop/dlibphonenumber/lib/generated/metadata/carrier/965_en.dart
DA:6,0
DA:7,0
LF:2
LH:0
end_of_record
SF:/Users/samuel/Desktop/dlibphonenumber/lib/generated/metadata/carrier/966_en.dart
DA:6,0
DA:7,0
LF:2
LH:0
end_of_record
SF:/Users/samuel/Desktop/dlibphonenumber/lib/generated/metadata/carrier/967_en.dart
DA:6,0
DA:7,0
LF:2
LH:0
end_of_record
SF:/Users/samuel/Desktop/dlibphonenumber/lib/generated/metadata/carrier/968_en.dart
DA:6,0
DA:7,0
LF:2
LH:0
end_of_record
SF:/Users/samuel/Desktop/dlibphonenumber/lib/generated/metadata/carrier/970_en.dart
DA:6,0
DA:7,0
LF:2
LH:0
end_of_record
SF:/Users/samuel/Desktop/dlibphonenumber/lib/generated/metadata/carrier/971_en.dart
DA:6,0
DA:7,0
LF:2
LH:0
end_of_record
SF:/Users/samuel/Desktop/dlibphonenumber/lib/generated/metadata/carrier/972_en.dart
DA:6,0
DA:7,0
LF:2
LH:0
end_of_record
SF:/Users/samuel/Desktop/dlibphonenumber/lib/generated/metadata/carrier/973_en.dart
DA:6,0
DA:7,0
LF:2
LH:0
end_of_record
SF:/Users/samuel/Desktop/dlibphonenumber/lib/generated/metadata/carrier/974_en.dart
DA:6,0
DA:7,0
LF:2
LH:0
end_of_record
SF:/Users/samuel/Desktop/dlibphonenumber/lib/generated/metadata/carrier/975_en.dart
DA:6,0
DA:7,0
LF:2
LH:0
end_of_record
SF:/Users/samuel/Desktop/dlibphonenumber/lib/generated/metadata/carrier/976_en.dart
DA:6,0
DA:7,0
LF:2
LH:0
end_of_record
SF:/Users/samuel/Desktop/dlibphonenumber/lib/generated/metadata/carrier/977_en.dart
DA:6,0
DA:7,0
LF:2
LH:0
end_of_record
SF:/Users/samuel/Desktop/dlibphonenumber/lib/generated/metadata/carrier/98_en.dart
DA:6,0
DA:7,0
LF:2
LH:0
end_of_record
SF:/Users/samuel/Desktop/dlibphonenumber/lib/generated/metadata/carrier/98_fa.dart
DA:6,0
DA:7,0
LF:2
LH:0
end_of_record
SF:/Users/samuel/Desktop/dlibphonenumber/lib/generated/metadata/carrier/992_en.dart
DA:6,0
DA:7,0
LF:2
LH:0
end_of_record
SF:/Users/samuel/Desktop/dlibphonenumber/lib/generated/metadata/carrier/993_en.dart
DA:6,0
DA:7,0
LF:2
LH:0
end_of_record
SF:/Users/samuel/Desktop/dlibphonenumber/lib/generated/metadata/carrier/994_en.dart
DA:6,0
DA:7,0
LF:2
LH:0
end_of_record
SF:/Users/samuel/Desktop/dlibphonenumber/lib/generated/metadata/carrier/995_en.dart
DA:6,0
DA:7,0
LF:2
LH:0
end_of_record
SF:/Users/samuel/Desktop/dlibphonenumber/lib/generated/metadata/carrier/996_en.dart
DA:6,0
DA:7,0
LF:2
LH:0
end_of_record
SF:/Users/samuel/Desktop/dlibphonenumber/lib/generated/metadata/carrier/998_en.dart
DA:6,0
DA:7,0
LF:2
LH:0
end_of_record
SF:/Users/samuel/Desktop/dlibphonenumber/lib/generated/metadata/carrier_metadata_map.dart
DA:266,0
DA:268,0
DA:269,0
DA:270,0
DA:271,0
DA:272,0
DA:273,0
DA:274,0
DA:275,0
DA:276,0
DA:277,0
DA:278,0
DA:279,0
DA:280,0
DA:281,0
DA:282,0
DA:283,0
DA:284,0
DA:285,0
DA:286,0
DA:287,0
DA:288,0
DA:289,0
DA:290,0
DA:291,0
DA:292,0
DA:293,0
DA:294,0
DA:295,0
DA:296,0
DA:297,0
DA:298,0
DA:299,0
DA:300,0
DA:301,0
DA:302,0
DA:303,0
DA:304,0
DA:305,0
DA:306,0
DA:307,0
DA:308,0
DA:309,0
DA:310,0
DA:311,0
DA:312,0
DA:313,0
DA:314,0
DA:315,0
DA:316,0
DA:317,0
DA:318,0
DA:319,0
DA:320,0
DA:321,0
DA:322,0
DA:323,0
DA:324,0
DA:325,0
DA:326,0
DA:327,0
DA:328,0
DA:329,0
DA:330,0
DA:331,0
DA:332,0
DA:333,0
DA:334,0
DA:335,0
DA:336,0
DA:337,0
DA:338,0
DA:339,0
DA:340,0
DA:341,0
DA:342,0
DA:343,0
DA:344,0
DA:345,0
DA:346,0
DA:347,0
DA:348,0
DA:349,0
DA:350,0
DA:351,0
DA:352,0
DA:353,0
DA:354,0
DA:355,0
DA:356,0
DA:357,0
DA:358,0
DA:359,0
DA:360,0
DA:361,0
DA:362,0
DA:363,0
DA:364,0
DA:365,0
DA:366,0
DA:367,0
DA:368,0
DA:369,0
DA:370,0
DA:371,0
DA:372,0
DA:373,0
DA:374,0
DA:375,0
DA:376,0
DA:377,0
DA:378,0
DA:379,0
DA:380,0
DA:381,0
DA:382,0
DA:383,0
DA:384,0
DA:385,0
DA:386,0
DA:387,0
DA:388,0
DA:389,0
DA:390,0
DA:391,0
DA:392,0
DA:393,0
DA:394,0
DA:395,0
DA:396,0
DA:397,0
DA:398,0
DA:399,0
DA:400,0
DA:401,0
DA:402,0
DA:403,0
DA:404,0
DA:405,0
DA:406,0
DA:407,0
DA:408,0
DA:409,0
DA:410,0
DA:411,0
DA:412,0
DA:413,0
DA:414,0
DA:415,0
DA:416,0
DA:417,0
DA:418,0
DA:419,0
DA:420,0
DA:421,0
DA:422,0
DA:423,0
DA:424,0
DA:425,0
DA:426,0
DA:427,0
DA:428,0
DA:429,0
DA:430,0
DA:431,0
DA:432,0
DA:433,0
DA:434,0
DA:435,0
DA:436,0
DA:437,0
DA:438,0
DA:439,0
DA:440,0
DA:441,0
DA:442,0
DA:443,0
DA:444,0
DA:445,0
DA:446,0
DA:447,0
DA:448,0
DA:449,0
DA:450,0
DA:451,0
DA:452,0
DA:453,0
DA:454,0
DA:455,0
DA:456,0
DA:457,0
DA:458,0
DA:459,0
DA:460,0
DA:461,0
DA:462,0
DA:463,0
DA:464,0
DA:465,0
DA:466,0
DA:467,0
DA:468,0
DA:469,0
DA:470,0
DA:471,0
DA:472,0
DA:473,0
DA:474,0
DA:475,0
DA:476,0
DA:477,0
DA:478,0
DA:479,0
DA:480,0
DA:481,0
DA:482,0
DA:483,0
DA:484,0
DA:485,0
DA:486,0
DA:487,0
DA:488,0
DA:489,0
DA:490,0
DA:491,0
DA:492,0
DA:493,0
DA:494,0
DA:495,0
DA:496,0
DA:497,0
DA:498,0
DA:499,0
DA:503,0
DA:504,0
DA:505,0
DA:506,0
DA:507,0
DA:508,0
DA:509,0
DA:510,0
DA:511,0
DA:512,0
DA:513,0
DA:514,0
DA:515,0
DA:516,0
DA:517,0
DA:518,0
DA:519,0
DA:520,0
DA:521,0
DA:522,0
DA:523,0
DA:524,0
DA:525,0
DA:526,0
DA:527,0
DA:528,0
DA:529,0
DA:530,0
DA:531,0
DA:532,0
DA:533,0
DA:534,0
DA:535,0
DA:536,0
DA:537,0
DA:538,0
DA:539,0
DA:540,0
DA:541,0
DA:542,0
DA:543,0
DA:544,0
DA:545,0
DA:546,0
DA:547,0
DA:548,0
DA:549,0
DA:550,0
DA:551,0
DA:552,0
DA:553,0
DA:554,0
DA:555,0
DA:556,0
DA:557,0
DA:558,0
DA:559,0
DA:560,0
DA:561,0
DA:562,0
DA:563,0
DA:564,0
DA:565,0
DA:566,0
DA:567,0
DA:568,0
DA:569,0
DA:570,0
DA:571,0
DA:572,0
DA:573,0
DA:574,0
DA:575,0
DA:576,0
DA:577,0
DA:578,0
DA:579,0
DA:580,0
DA:581,0
DA:582,0
DA:583,0
DA:584,0
DA:585,0
DA:586,0
DA:587,0
DA:588,0
DA:589,0
DA:590,0
DA:591,0
DA:592,0
DA:593,0
DA:594,0
DA:595,0
DA:596,0
DA:597,0
DA:598,0
DA:599,0
DA:600,0
DA:601,0
DA:602,0
DA:603,0
DA:604,0
DA:605,0
DA:606,0
DA:607,0
DA:608,0
DA:609,0
DA:610,0
DA:611,0
DA:612,0
DA:613,0
DA:614,0
DA:615,0
DA:616,0
DA:617,0
DA:618,0
DA:619,0
DA:620,0
DA:621,0
DA:622,0
DA:623,0
DA:624,0
DA:625,0
DA:626,0
DA:627,0
DA:628,0
DA:629,0
DA:630,0
DA:631,0
DA:632,0
DA:633,0
DA:634,0
DA:635,0
DA:636,0
DA:637,0
DA:638,0
DA:639,0
DA:640,0
DA:641,0
DA:642,0
DA:643,0
DA:644,0
DA:645,0
DA:646,0
DA:647,0
DA:648,0
DA:649,0
DA:650,0
DA:651,0
DA:652,0
DA:653,0
DA:654,0
DA:655,0
DA:656,0
DA:657,0
DA:658,0
DA:659,0
DA:660,0
DA:661,0
DA:662,0
DA:663,0
DA:664,0
DA:665,0
DA:666,0
DA:667,0
DA:668,0
DA:669,0
DA:670,0
DA:671,0
DA:672,0
DA:673,0
DA:674,0
DA:675,0
DA:676,0
DA:677,0
DA:678,0
DA:679,0
DA:680,0
DA:681,0
DA:682,0
DA:683,0
DA:684,0
DA:685,0
DA:686,0
DA:687,0
DA:688,0
DA:689,0
DA:690,0
DA:691,0
DA:692,0
DA:693,0
DA:694,0
DA:695,0
DA:696,0
DA:697,0
DA:698,0
DA:699,0
DA:700,0
DA:701,0
DA:702,0
DA:703,0
DA:704,0
DA:705,0
DA:706,0
DA:707,0
DA:708,0
DA:709,0
DA:710,0
DA:711,0
DA:712,0
DA:713,0
DA:714,0
DA:715,0
DA:716,0
DA:717,0
DA:718,0
DA:719,0
DA:720,0
DA:721,0
DA:722,0
DA:723,0
DA:724,0
DA:725,0
DA:726,0
DA:727,0
DA:728,0
DA:729,0
DA:730,0
DA:731,0
DA:732,0
DA:733,0
DA:734,0
DA:735,0
DA:736,0
DA:737,0
DA:738,0
DA:739,0
DA:740,0
DA:741,0
DA:742,0
DA:743,0
DA:744,0
DA:745,0
DA:746,0
DA:747,0
LF:478
LH:0
end_of_record
SF:/Users/samuel/Desktop/dlibphonenumber/lib/generated/metadata/geocoding/1201_en.dart
DA:6,0
DA:7,0
LF:2
LH:0
end_of_record
SF:/Users/samuel/Desktop/dlibphonenumber/lib/generated/metadata/geocoding/1202_en.dart
DA:6,0
DA:7,0
LF:2
LH:0
end_of_record
SF:/Users/samuel/Desktop/dlibphonenumber/lib/generated/metadata/geocoding/1203_en.dart
DA:6,0
DA:7,0
LF:2
LH:0
end_of_record
SF:/Users/samuel/Desktop/dlibphonenumber/lib/generated/metadata/geocoding/1204_en.dart
DA:6,0
DA:7,0
LF:2
LH:0
end_of_record
SF:/Users/samuel/Desktop/dlibphonenumber/lib/generated/metadata/geocoding/1205_en.dart
DA:6,0
DA:7,0
LF:2
LH:0
end_of_record
SF:/Users/samuel/Desktop/dlibphonenumber/lib/generated/metadata/geocoding/1206_en.dart
DA:6,0
DA:7,0
LF:2
LH:0
end_of_record
SF:/Users/samuel/Desktop/dlibphonenumber/lib/generated/metadata/geocoding/1207_en.dart
DA:6,0
DA:7,0
LF:2
LH:0
end_of_record
SF:/Users/samuel/Desktop/dlibphonenumber/lib/generated/metadata/geocoding/1208_en.dart
DA:6,0
DA:7,0
LF:2
LH:0
end_of_record
SF:/Users/samuel/Desktop/dlibphonenumber/lib/generated/metadata/geocoding/1209_en.dart
DA:6,0
DA:7,0
LF:2
LH:0
end_of_record
SF:/Users/samuel/Desktop/dlibphonenumber/lib/generated/metadata/geocoding/1210_en.dart
DA:6,0
DA:7,0
LF:2
LH:0
end_of_record
SF:/Users/samuel/Desktop/dlibphonenumber/lib/generated/metadata/geocoding/1212_en.dart
DA:6,0
DA:7,0
LF:2
LH:0
end_of_record
SF:/Users/samuel/Desktop/dlibphonenumber/lib/generated/metadata/geocoding/1213_en.dart
DA:6,0
DA:7,0
LF:2
LH:0
end_of_record
SF:/Users/samuel/Desktop/dlibphonenumber/lib/generated/metadata/geocoding/1214_en.dart
DA:6,0
DA:7,0
LF:2
LH:0
end_of_record
SF:/Users/samuel/Desktop/dlibphonenumber/lib/generated/metadata/geocoding/1215_en.dart
DA:6,0
DA:7,0
LF:2
LH:0
end_of_record
SF:/Users/samuel/Desktop/dlibphonenumber/lib/generated/metadata/geocoding/1216_en.dart
DA:6,0
DA:7,0
LF:2
LH:0
end_of_record
SF:/Users/samuel/Desktop/dlibphonenumber/lib/generated/metadata/geocoding/1217_en.dart
DA:6,0
DA:7,0
LF:2
LH:0
end_of_record
SF:/Users/samuel/Desktop/dlibphonenumber/lib/generated/metadata/geocoding/1218_en.dart
DA:6,0
DA:7,0
LF:2
LH:0
end_of_record
SF:/Users/samuel/Desktop/dlibphonenumber/lib/generated/metadata/geocoding/1219_en.dart
DA:6,0
DA:7,0
LF:2
LH:0
end_of_record
SF:/Users/samuel/Desktop/dlibphonenumber/lib/generated/metadata/geocoding/1220_en.dart
DA:6,0
DA:7,0
LF:2
LH:0
end_of_record
SF:/Users/samuel/Desktop/dlibphonenumber/lib/generated/metadata/geocoding/1223_en.dart
DA:6,0
DA:7,0
LF:2
LH:0
end_of_record
SF:/Users/samuel/Desktop/dlibphonenumber/lib/generated/metadata/geocoding/1224_en.dart
DA:6,0
DA:7,0
LF:2
LH:0
end_of_record
SF:/Users/samuel/Desktop/dlibphonenumber/lib/generated/metadata/geocoding/1225_en.dart
DA:6,0
DA:7,0
LF:2
LH:0
end_of_record
SF:/Users/samuel/Desktop/dlibphonenumber/lib/generated/metadata/geocoding/1226_en.dart
DA:6,0
DA:7,0
LF:2
LH:0
end_of_record
SF:/Users/samuel/Desktop/dlibphonenumber/lib/generated/metadata/geocoding/1227_en.dart
DA:6,0
DA:7,0
LF:2
LH:0
end_of_record
SF:/Users/samuel/Desktop/dlibphonenumber/lib/generated/metadata/geocoding/1228_en.dart
DA:6,0
DA:7,0
LF:2
LH:0
end_of_record
SF:/Users/samuel/Desktop/dlibphonenumber/lib/generated/metadata/geocoding/1229_en.dart
DA:6,0
DA:7,0
LF:2
LH:0
end_of_record
SF:/Users/samuel/Desktop/dlibphonenumber/lib/generated/metadata/geocoding/1231_en.dart
DA:6,0
DA:7,0
LF:2
LH:0
end_of_record
SF:/Users/samuel/Desktop/dlibphonenumber/lib/generated/metadata/geocoding/1234_en.dart
DA:6,0
DA:7,0
LF:2
LH:0
end_of_record
SF:/Users/samuel/Desktop/dlibphonenumber/lib/generated/metadata/geocoding/1235_en.dart
DA:6,0
DA:7,0
LF:2
LH:0
end_of_record
SF:/Users/samuel/Desktop/dlibphonenumber/lib/generated/metadata/geocoding/1236_en.dart
DA:6,0
DA:7,0
LF:2
LH:0
end_of_record
SF:/Users/samuel/Desktop/dlibphonenumber/lib/generated/metadata/geocoding/1239_en.dart
DA:6,0
DA:7,0
LF:2
LH:0
end_of_record
SF:/Users/samuel/Desktop/dlibphonenumber/lib/generated/metadata/geocoding/1240_en.dart
DA:6,0
DA:7,0
LF:2
LH:0
end_of_record
SF:/Users/samuel/Desktop/dlibphonenumber/lib/generated/metadata/geocoding/1242_en.dart
DA:6,0
DA:7,0
LF:2
LH:0
end_of_record
SF:/Users/samuel/Desktop/dlibphonenumber/lib/generated/metadata/geocoding/1248_en.dart
DA:6,0
DA:7,0
LF:2
LH:0
end_of_record
SF:/Users/samuel/Desktop/dlibphonenumber/lib/generated/metadata/geocoding/1249_en.dart
DA:6,0
DA:7,0
LF:2
LH:0
end_of_record
SF:/Users/samuel/Desktop/dlibphonenumber/lib/generated/metadata/geocoding/1250_en.dart
DA:6,0
DA:7,0
LF:2
LH:0
end_of_record
SF:/Users/samuel/Desktop/dlibphonenumber/lib/generated/metadata/geocoding/1251_en.dart
DA:6,0
DA:7,0
LF:2
LH:0
end_of_record
SF:/Users/samuel/Desktop/dlibphonenumber/lib/generated/metadata/geocoding/1252_en.dart
DA:6,0
DA:7,0
LF:2
LH:0
end_of_record
SF:/Users/samuel/Desktop/dlibphonenumber/lib/generated/metadata/geocoding/1253_en.dart
DA:6,0
DA:7,0
LF:2
LH:0
end_of_record
SF:/Users/samuel/Desktop/dlibphonenumber/lib/generated/metadata/geocoding/1254_en.dart
DA:6,0
DA:7,0
LF:2
LH:0
end_of_record
SF:/Users/samuel/Desktop/dlibphonenumber/lib/generated/metadata/geocoding/1256_en.dart
DA:6,0
DA:7,0
LF:2
LH:0
end_of_record
SF:/Users/samuel/Desktop/dlibphonenumber/lib/generated/metadata/geocoding/1260_en.dart
DA:6,0
DA:7,0
LF:2
LH:0
end_of_record
SF:/Users/samuel/Desktop/dlibphonenumber/lib/generated/metadata/geocoding/1262_en.dart
DA:6,0
DA:7,0
LF:2
LH:0
end_of_record
SF:/Users/samuel/Desktop/dlibphonenumber/lib/generated/metadata/geocoding/1263_en.dart
DA:6,0
DA:7,0
LF:2
LH:0
end_of_record
SF:/Users/samuel/Desktop/dlibphonenumber/lib/generated/metadata/geocoding/1267_en.dart
DA:6,0
DA:7,0
LF:2
LH:0
end_of_record
SF:/Users/samuel/Desktop/dlibphonenumber/lib/generated/metadata/geocoding/1269_en.dart
DA:6,0
DA:7,0
LF:2
LH:0
end_of_record
SF:/Users/samuel/Desktop/dlibphonenumber/lib/generated/metadata/geocoding/1270_en.dart
DA:6,0
DA:7,0
LF:2
LH:0
end_of_record
SF:/Users/samuel/Desktop/dlibphonenumber/lib/generated/metadata/geocoding/1272_en.dart
DA:6,0
DA:7,0
LF:2
LH:0
end_of_record
SF:/Users/samuel/Desktop/dlibphonenumber/lib/generated/metadata/geocoding/1274_en.dart
DA:6,0
DA:7,0
LF:2
LH:0
end_of_record
SF:/Users/samuel/Desktop/dlibphonenumber/lib/generated/metadata/geocoding/1276_en.dart
DA:6,0
DA:7,0
LF:2
LH:0
end_of_record
SF:/Users/samuel/Desktop/dlibphonenumber/lib/generated/metadata/geocoding/1279_en.dart
DA:6,0
DA:7,0
LF:2
LH:0
end_of_record
SF:/Users/samuel/Desktop/dlibphonenumber/lib/generated/metadata/geocoding/1281_en.dart
DA:6,0
DA:7,0
LF:2
LH:0
end_of_record
SF:/Users/samuel/Desktop/dlibphonenumber/lib/generated/metadata/geocoding/1283_en.dart
DA:6,0
DA:7,0
LF:2
LH:0
end_of_record
SF:/Users/samuel/Desktop/dlibphonenumber/lib/generated/metadata/geocoding/1289_en.dart
DA:6,0
DA:7,0
LF:2
LH:0
end_of_record
SF:/Users/samuel/Desktop/dlibphonenumber/lib/generated/metadata/geocoding/1301_en.dart
DA:6,0
DA:7,0
LF:2
LH:0
end_of_record
SF:/Users/samuel/Desktop/dlibphonenumber/lib/generated/metadata/geocoding/1302_en.dart
DA:6,0
DA:7,0
LF:2
LH:0
end_of_record
SF:/Users/samuel/Desktop/dlibphonenumber/lib/generated/metadata/geocoding/1303_en.dart
DA:6,0
DA:7,0
LF:2
LH:0
end_of_record
SF:/Users/samuel/Desktop/dlibphonenumber/lib/generated/metadata/geocoding/1304_en.dart
DA:6,0
DA:7,0
LF:2
LH:0
end_of_record
SF:/Users/samuel/Desktop/dlibphonenumber/lib/generated/metadata/geocoding/1305_en.dart
DA:6,0
DA:7,0
LF:2
LH:0
end_of_record
SF:/Users/samuel/Desktop/dlibphonenumber/lib/generated/metadata/geocoding/1306_en.dart
DA:6,0
DA:7,0
LF:2
LH:0
end_of_record
SF:/Users/samuel/Desktop/dlibphonenumber/lib/generated/metadata/geocoding/1307_en.dart
DA:6,0
DA:7,0
LF:2
LH:0
end_of_record
SF:/Users/samuel/Desktop/dlibphonenumber/lib/generated/metadata/geocoding/1308_en.dart
DA:6,0
DA:7,0
LF:2
LH:0
end_of_record
SF:/Users/samuel/Desktop/dlibphonenumber/lib/generated/metadata/geocoding/1309_en.dart
DA:6,0
DA:7,0
LF:2
LH:0
end_of_record
SF:/Users/samuel/Desktop/dlibphonenumber/lib/generated/metadata/geocoding/1310_en.dart
DA:6,0
DA:7,0
LF:2
LH:0
end_of_record
SF:/Users/samuel/Desktop/dlibphonenumber/lib/generated/metadata/geocoding/1312_en.dart
DA:6,0
DA:7,0
LF:2
LH:0
end_of_record
SF:/Users/samuel/Desktop/dlibphonenumber/lib/generated/metadata/geocoding/1313_en.dart
DA:6,0
DA:7,0
LF:2
LH:0
end_of_record
SF:/Users/samuel/Desktop/dlibphonenumber/lib/generated/metadata/geocoding/1314_en.dart
DA:6,0
DA:7,0
LF:2
LH:0
end_of_record
SF:/Users/samuel/Desktop/dlibphonenumber/lib/generated/metadata/geocoding/1315_en.dart
DA:6,0
DA:7,0
LF:2
LH:0
end_of_record
SF:/Users/samuel/Desktop/dlibphonenumber/lib/generated/metadata/geocoding/1316_en.dart
DA:6,0
DA:7,0
LF:2
LH:0
end_of_record
SF:/Users/samuel/Desktop/dlibphonenumber/lib/generated/metadata/geocoding/1317_en.dart
DA:6,0
DA:7,0
LF:2
LH:0
end_of_record
SF:/Users/samuel/Desktop/dlibphonenumber/lib/generated/metadata/geocoding/1318_en.dart
DA:6,0
DA:7,0
LF:2
LH:0
end_of_record
SF:/Users/samuel/Desktop/dlibphonenumber/lib/generated/metadata/geocoding/1319_en.dart
DA:6,0
DA:7,0
LF:2
LH:0
end_of_record
SF:/Users/samuel/Desktop/dlibphonenumber/lib/generated/metadata/geocoding/1320_en.dart
DA:6,0
DA:7,0
LF:2
LH:0
end_of_record
SF:/Users/samuel/Desktop/dlibphonenumber/lib/generated/metadata/geocoding/1321_en.dart
DA:6,0
DA:7,0
LF:2
LH:0
end_of_record
SF:/Users/samuel/Desktop/dlibphonenumber/lib/generated/metadata/geocoding/1323_en.dart
DA:6,0
DA:7,0
LF:2
LH:0
end_of_record
SF:/Users/samuel/Desktop/dlibphonenumber/lib/generated/metadata/geocoding/1325_en.dart
DA:6,0
DA:7,0
LF:2
LH:0
end_of_record
SF:/Users/samuel/Desktop/dlibphonenumber/lib/generated/metadata/geocoding/1326_en.dart
DA:6,0
DA:7,0
LF:2
LH:0
end_of_record
SF:/Users/samuel/Desktop/dlibphonenumber/lib/generated/metadata/geocoding/1327_en.dart
DA:6,0
DA:7,0
LF:2
LH:0
end_of_record
SF:/Users/samuel/Desktop/dlibphonenumber/lib/generated/metadata/geocoding/1329_en.dart
DA:6,0
DA:7,0
LF:2
LH:0
end_of_record
SF:/Users/samuel/Desktop/dlibphonenumber/lib/generated/metadata/geocoding/1330_en.dart
DA:6,0
DA:7,0
LF:2
LH:0
end_of_record
SF:/Users/samuel/Desktop/dlibphonenumber/lib/generated/metadata/geocoding/1331_en.dart
DA:6,0
DA:7,0
LF:2
LH:0
end_of_record
SF:/Users/samuel/Desktop/dlibphonenumber/lib/generated/metadata/geocoding/1332_en.dart
DA:6,0
DA:7,0
LF:2
LH:0
end_of_record
SF:/Users/samuel/Desktop/dlibphonenumber/lib/generated/metadata/geocoding/1334_en.dart
DA:6,0
DA:7,0
LF:2
LH:0
end_of_record
SF:/Users/samuel/Desktop/dlibphonenumber/lib/generated/metadata/geocoding/1336_en.dart
DA:6,0
DA:7,0
LF:2
LH:0
end_of_record
SF:/Users/samuel/Desktop/dlibphonenumber/lib/generated/metadata/geocoding/1337_en.dart
DA:6,0
DA:7,0
LF:2
LH:0
end_of_record
SF:/Users/samuel/Desktop/dlibphonenumber/lib/generated/metadata/geocoding/1339_en.dart
DA:6,0
DA:7,0
LF:2
LH:0
end_of_record
SF:/Users/samuel/Desktop/dlibphonenumber/lib/generated/metadata/geocoding/1340_en.dart
DA:6,0
DA:7,0
LF:2
LH:0
end_of_record
SF:/Users/samuel/Desktop/dlibphonenumber/lib/generated/metadata/geocoding/1341_en.dart
DA:6,0
DA:7,0
LF:2
LH:0
end_of_record
SF:/Users/samuel/Desktop/dlibphonenumber/lib/generated/metadata/geocoding/1343_en.dart
DA:6,0
DA:7,0
LF:2
LH:0
end_of_record
SF:/Users/samuel/Desktop/dlibphonenumber/lib/generated/metadata/geocoding/1345_en.dart
DA:6,0
DA:7,0
LF:2
LH:0
end_of_record
SF:/Users/samuel/Desktop/dlibphonenumber/lib/generated/metadata/geocoding/1346_en.dart
DA:6,0
DA:7,0
LF:2
LH:0
end_of_record
SF:/Users/samuel/Desktop/dlibphonenumber/lib/generated/metadata/geocoding/1347_en.dart
DA:6,0
DA:7,0
LF:2
LH:0
end_of_record
SF:/Users/samuel/Desktop/dlibphonenumber/lib/generated/metadata/geocoding/1350_en.dart
DA:6,0
DA:7,0
LF:2
LH:0
end_of_record
SF:/Users/samuel/Desktop/dlibphonenumber/lib/generated/metadata/geocoding/1351_en.dart
DA:6,0
DA:7,0
LF:2
LH:0
end_of_record
SF:/Users/samuel/Desktop/dlibphonenumber/lib/generated/metadata/geocoding/1352_en.dart
DA:6,0
DA:7,0
LF:2
LH:0
end_of_record
SF:/Users/samuel/Desktop/dlibphonenumber/lib/generated/metadata/geocoding/1354_en.dart
DA:6,0
DA:7,0
LF:2
LH:0
end_of_record
SF:/Users/samuel/Desktop/dlibphonenumber/lib/generated/metadata/geocoding/1360_en.dart
DA:6,0
DA:7,0
LF:2
LH:0
end_of_record
SF:/Users/samuel/Desktop/dlibphonenumber/lib/generated/metadata/geocoding/1361_en.dart
DA:6,0
DA:7,0
LF:2
LH:0
end_of_record
SF:/Users/samuel/Desktop/dlibphonenumber/lib/generated/metadata/geocoding/1363_en.dart
DA:6,0
DA:7,0
LF:2
LH:0
end_of_record
SF:/Users/samuel/Desktop/dlibphonenumber/lib/generated/metadata/geocoding/1364_en.dart
DA:6,0
DA:7,0
LF:2
LH:0
end_of_record
SF:/Users/samuel/Desktop/dlibphonenumber/lib/generated/metadata/geocoding/1365_en.dart
DA:6,0
DA:7,0
LF:2
LH:0
end_of_record
SF:/Users/samuel/Desktop/dlibphonenumber/lib/generated/metadata/geocoding/1367_en.dart
DA:6,0
DA:7,0
LF:2
LH:0
end_of_record
SF:/Users/samuel/Desktop/dlibphonenumber/lib/generated/metadata/geocoding/1368_en.dart
DA:6,0
DA:7,0
LF:2
LH:0
end_of_record
SF:/Users/samuel/Desktop/dlibphonenumber/lib/generated/metadata/geocoding/1369_en.dart
DA:6,0
DA:7,0
LF:2
LH:0
end_of_record
SF:/Users/samuel/Desktop/dlibphonenumber/lib/generated/metadata/geocoding/1380_en.dart
DA:6,0
DA:7,0
LF:2
LH:0
end_of_record
SF:/Users/samuel/Desktop/dlibphonenumber/lib/generated/metadata/geocoding/1382_en.dart
DA:6,0
DA:7,0
LF:2
LH:0
end_of_record
SF:/Users/samuel/Desktop/dlibphonenumber/lib/generated/metadata/geocoding/1385_en.dart
DA:6,0
DA:7,0
LF:2
LH:0
end_of_record
SF:/Users/samuel/Desktop/dlibphonenumber/lib/generated/metadata/geocoding/1386_en.dart
DA:6,0
DA:7,0
LF:2
LH:0
end_of_record
SF:/Users/samuel/Desktop/dlibphonenumber/lib/generated/metadata/geocoding/1401_en.dart
DA:6,0
DA:7,0
LF:2
LH:0
end_of_record
SF:/Users/samuel/Desktop/dlibphonenumber/lib/generated/metadata/geocoding/1402_en.dart
DA:6,0
DA:7,0
LF:2
LH:0
end_of_record
SF:/Users/samuel/Desktop/dlibphonenumber/lib/generated/metadata/geocoding/1403_en.dart
DA:6,0
DA:7,0
LF:2
LH:0
end_of_record
SF:/Users/samuel/Desktop/dlibphonenumber/lib/generated/metadata/geocoding/1404_en.dart
DA:6,0
DA:7,0
LF:2
LH:0
end_of_record
SF:/Users/samuel/Desktop/dlibphonenumber/lib/generated/metadata/geocoding/1405_en.dart
DA:6,0
DA:7,0
LF:2
LH:0
end_of_record
SF:/Users/samuel/Desktop/dlibphonenumber/lib/generated/metadata/geocoding/1406_en.dart
DA:6,0
DA:7,0
LF:2
LH:0
end_of_record
SF:/Users/samuel/Desktop/dlibphonenumber/lib/generated/metadata/geocoding/1407_en.dart
DA:6,0
DA:7,0
LF:2
LH:0
end_of_record
SF:/Users/samuel/Desktop/dlibphonenumber/lib/generated/metadata/geocoding/1408_en.dart
DA:6,0
DA:7,0
LF:2
LH:0
end_of_record
SF:/Users/samuel/Desktop/dlibphonenumber/lib/generated/metadata/geocoding/1409_en.dart
DA:6,0
DA:7,0
LF:2
LH:0
end_of_record
SF:/Users/samuel/Desktop/dlibphonenumber/lib/generated/metadata/geocoding/1410_en.dart
DA:6,0
DA:7,0
LF:2
LH:0
end_of_record
SF:/Users/samuel/Desktop/dlibphonenumber/lib/generated/metadata/geocoding/1412_en.dart
DA:6,0
DA:7,0
LF:2
LH:0
end_of_record
SF:/Users/samuel/Desktop/dlibphonenumber/lib/generated/metadata/geocoding/1413_en.dart
DA:6,0
DA:7,0
LF:2
LH:0
end_of_record
SF:/Users/samuel/Desktop/dlibphonenumber/lib/generated/metadata/geocoding/1414_en.dart
DA:6,0
DA:7,0
LF:2
LH:0
end_of_record
SF:/Users/samuel/Desktop/dlibphonenumber/lib/generated/metadata/geocoding/1415_en.dart
DA:6,0
DA:7,0
LF:2
LH:0
end_of_record
SF:/Users/samuel/Desktop/dlibphonenumber/lib/generated/metadata/geocoding/1416_en.dart
DA:6,0
DA:7,0
LF:2
LH:0
end_of_record
SF:/Users/samuel/Desktop/dlibphonenumber/lib/generated/metadata/geocoding/1417_en.dart
DA:6,0
DA:7,0
LF:2
LH:0
end_of_record
SF:/Users/samuel/Desktop/dlibphonenumber/lib/generated/metadata/geocoding/1418_en.dart
DA:6,0
DA:7,0
LF:2
LH:0
end_of_record
SF:/Users/samuel/Desktop/dlibphonenumber/lib/generated/metadata/geocoding/1419_en.dart
DA:6,0
DA:7,0
LF:2
LH:0
end_of_record
SF:/Users/samuel/Desktop/dlibphonenumber/lib/generated/metadata/geocoding/1423_en.dart
DA:6,0
DA:7,0
LF:2
LH:0
end_of_record
SF:/Users/samuel/Desktop/dlibphonenumber/lib/generated/metadata/geocoding/1424_en.dart
DA:6,0
DA:7,0
LF:2
LH:0
end_of_record
SF:/Users/samuel/Desktop/dlibphonenumber/lib/generated/metadata/geocoding/1425_en.dart
DA:6,0
DA:7,0
LF:2
LH:0
end_of_record
SF:/Users/samuel/Desktop/dlibphonenumber/lib/generated/metadata/geocoding/1428_en.dart
DA:6,0
DA:7,0
LF:2
LH:0
end_of_record
SF:/Users/samuel/Desktop/dlibphonenumber/lib/generated/metadata/geocoding/1430_en.dart
DA:6,0
DA:7,0
LF:2
LH:0
end_of_record
SF:/Users/samuel/Desktop/dlibphonenumber/lib/generated/metadata/geocoding/1431_en.dart
DA:6,0
DA:7,0
LF:2
LH:0
end_of_record
SF:/Users/samuel/Desktop/dlibphonenumber/lib/generated/metadata/geocoding/1432_en.dart
DA:6,0
DA:7,0
LF:2
LH:0
end_of_record
SF:/Users/samuel/Desktop/dlibphonenumber/lib/generated/metadata/geocoding/1434_en.dart
DA:6,0
DA:7,0
LF:2
LH:0
end_of_record
SF:/Users/samuel/Desktop/dlibphonenumber/lib/generated/metadata/geocoding/1435_en.dart
DA:6,0
DA:7,0
LF:2
LH:0
end_of_record
SF:/Users/samuel/Desktop/dlibphonenumber/lib/generated/metadata/geocoding/1437_en.dart
DA:6,0
DA:7,0
LF:2
LH:0
end_of_record
SF:/Users/samuel/Desktop/dlibphonenumber/lib/generated/metadata/geocoding/1438_en.dart
DA:6,0
DA:7,0
LF:2
LH:0
end_of_record
SF:/Users/samuel/Desktop/dlibphonenumber/lib/generated/metadata/geocoding/1440_en.dart
DA:6,0
DA:7,0
LF:2
LH:0
end_of_record
SF:/Users/samuel/Desktop/dlibphonenumber/lib/generated/metadata/geocoding/1442_en.dart
DA:6,0
DA:7,0
LF:2
LH:0
end_of_record
SF:/Users/samuel/Desktop/dlibphonenumber/lib/generated/metadata/geocoding/1443_en.dart
DA:6,0
DA:7,0
LF:2
LH:0
end_of_record
SF:/Users/samuel/Desktop/dlibphonenumber/lib/generated/metadata/geocoding/1445_en.dart
DA:6,0
DA:7,0
LF:2
LH:0
end_of_record
SF:/Users/samuel/Desktop/dlibphonenumber/lib/generated/metadata/geocoding/1447_en.dart
DA:6,0
DA:7,0
LF:2
LH:0
end_of_record
SF:/Users/samuel/Desktop/dlibphonenumber/lib/generated/metadata/geocoding/1448_en.dart
DA:6,0
DA:7,0
LF:2
LH:0
end_of_record
SF:/Users/samuel/Desktop/dlibphonenumber/lib/generated/metadata/geocoding/1450_en.dart
DA:6,0
DA:7,0
LF:2
LH:0
end_of_record
SF:/Users/samuel/Desktop/dlibphonenumber/lib/generated/metadata/geocoding/1458_en.dart
DA:6,0
DA:7,0
LF:2
LH:0
end_of_record
SF:/Users/samuel/Desktop/dlibphonenumber/lib/generated/metadata/geocoding/1463_en.dart
DA:6,0
DA:7,0
LF:2
LH:0
end_of_record
SF:/Users/samuel/Desktop/dlibphonenumber/lib/generated/metadata/geocoding/1464_en.dart
DA:6,0
DA:7,0
LF:2
LH:0
end_of_record
SF:/Users/samuel/Desktop/dlibphonenumber/lib/generated/metadata/geocoding/1468_en.dart
DA:6,0
DA:7,0
LF:2
LH:0
end_of_record
SF:/Users/samuel/Desktop/dlibphonenumber/lib/generated/metadata/geocoding/1469_en.dart
DA:6,0
DA:7,0
LF:2
LH:0
end_of_record
SF:/Users/samuel/Desktop/dlibphonenumber/lib/generated/metadata/geocoding/1470_en.dart
DA:6,0
DA:7,0
LF:2
LH:0
end_of_record
SF:/Users/samuel/Desktop/dlibphonenumber/lib/generated/metadata/geocoding/1472_en.dart
DA:6,0
DA:7,0
LF:2
LH:0
end_of_record
SF:/Users/samuel/Desktop/dlibphonenumber/lib/generated/metadata/geocoding/1474_en.dart
DA:6,0
DA:7,0
LF:2
LH:0
end_of_record
SF:/Users/samuel/Desktop/dlibphonenumber/lib/generated/metadata/geocoding/1475_en.dart
DA:6,0
DA:7,0
LF:2
LH:0
end_of_record
SF:/Users/samuel/Desktop/dlibphonenumber/lib/generated/metadata/geocoding/1478_en.dart
DA:6,0
DA:7,0
LF:2
LH:0
end_of_record
SF:/Users/samuel/Desktop/dlibphonenumber/lib/generated/metadata/geocoding/1479_en.dart
DA:6,0
DA:7,0
LF:2
LH:0
end_of_record
SF:/Users/samuel/Desktop/dlibphonenumber/lib/generated/metadata/geocoding/1480_en.dart
DA:6,0
DA:7,0
LF:2
LH:0
end_of_record
SF:/Users/samuel/Desktop/dlibphonenumber/lib/generated/metadata/geocoding/1484_en.dart
DA:6,0
DA:7,0
LF:2
LH:0
end_of_record
SF:/Users/samuel/Desktop/dlibphonenumber/lib/generated/metadata/geocoding/1501_en.dart
DA:6,0
DA:7,0
LF:2
LH:0
end_of_record
SF:/Users/samuel/Desktop/dlibphonenumber/lib/generated/metadata/geocoding/1502_en.dart
DA:6,0
DA:7,0
LF:2
LH:0
end_of_record
SF:/Users/samuel/Desktop/dlibphonenumber/lib/generated/metadata/geocoding/1503_en.dart
DA:6,0
DA:7,0
LF:2
LH:0
end_of_record
SF:/Users/samuel/Desktop/dlibphonenumber/lib/generated/metadata/geocoding/1504_en.dart
DA:6,0
DA:7,0
LF:2
LH:0
end_of_record
SF:/Users/samuel/Desktop/dlibphonenumber/lib/generated/metadata/geocoding/1505_en.dart
DA:6,0
DA:7,0
LF:2
LH:0
end_of_record
SF:/Users/samuel/Desktop/dlibphonenumber/lib/generated/metadata/geocoding/1506_en.dart
DA:6,0
DA:7,0
LF:2
LH:0
end_of_record
SF:/Users/samuel/Desktop/dlibphonenumber/lib/generated/metadata/geocoding/1507_en.dart
DA:6,0
DA:7,0
LF:2
LH:0
end_of_record
SF:/Users/samuel/Desktop/dlibphonenumber/lib/generated/metadata/geocoding/1508_en.dart
DA:6,0
DA:7,0
LF:2
LH:0
end_of_record
SF:/Users/samuel/Desktop/dlibphonenumber/lib/generated/metadata/geocoding/1509_en.dart
DA:6,0
DA:7,0
LF:2
LH:0
end_of_record
SF:/Users/samuel/Desktop/dlibphonenumber/lib/generated/metadata/geocoding/1510_en.dart
DA:6,0
DA:7,0
LF:2
LH:0
end_of_record
SF:/Users/samuel/Desktop/dlibphonenumber/lib/generated/metadata/geocoding/1512_en.dart
DA:6,0
DA:7,0
LF:2
LH:0
end_of_record
SF:/Users/samuel/Desktop/dlibphonenumber/lib/generated/metadata/geocoding/1513_en.dart
DA:6,0
DA:7,0
LF:2
LH:0
end_of_record
SF:/Users/samuel/Desktop/dlibphonenumber/lib/generated/metadata/geocoding/1514_en.dart
DA:6,0
DA:7,0
LF:2
LH:0
end_of_record
SF:/Users/samuel/Desktop/dlibphonenumber/lib/generated/metadata/geocoding/1515_en.dart
DA:6,0
DA:7,0
LF:2
LH:0
end_of_record
SF:/Users/samuel/Desktop/dlibphonenumber/lib/generated/metadata/geocoding/1516_en.dart
DA:6,0
DA:7,0
LF:2
LH:0
end_of_record
[...]
DA:8,1
DA:10,1
DA:12,1
DA:13,2
DA:14,2
DA:16,1
DA:17,2
DA:18,2
DA:20,1
DA:24,1
DA:25,2
DA:27,1
DA:30,1
DA:31,2
DA:33,1
DA:34,2
DA:35,2
DA:37,1
DA:38,2
DA:39,2
DA:41,1
DA:42,2
DA:43,2
DA:48,1
DA:49,2
DA:50,2
DA:53,1
DA:54,2
DA:55,2
DA:57,1
DA:58,2
DA:59,2
DA:61,1
DA:64,1
DA:65,2
DA:67,1
DA:68,2
DA:69,2
DA:71,1
DA:75,1
DA:76,2
DA:78,1
DA:82,1
DA:83,2
DA:85,1
DA:88,1
DA:89,2
DA:92,1
DA:93,2
DA:94,2
LF:52
LH:52
end_of_record
SF:/Users/samuel/Desktop/dlibphonenumber/lib/generated/metadata/short_number/TJ.dart
DA:6,1
DA:7,1
DA:8,1
DA:10,1
DA:12,1
DA:13,2
DA:14,2
DA:16,1
DA:17,2
DA:18,2
DA:20,1
DA:23,1
DA:24,2
DA:26,1
DA:27,2
DA:28,2
DA:30,1
DA:31,2
DA:32,2
DA:34,1
DA:35,2
DA:36,2
DA:38,1
DA:39,2
DA:40,2
DA:45,1
DA:46,2
DA:47,2
DA:50,1
DA:51,2
DA:52,2
DA:54,1
DA:55,2
DA:56,2
DA:58,1
DA:61,1
DA:62,2
DA:64,1
DA:65,2
DA:66,2
DA:68,1
DA:71,1
DA:72,2
DA:74,1
DA:75,2
DA:76,2
DA:78,1
DA:79,2
DA:80,2
DA:83,1
DA:84,2
DA:85,2
LF:52
LH:52
end_of_record
SF:/Users/samuel/Desktop/dlibphonenumber/lib/generated/metadata/short_number/TL.dart
DA:6,1
DA:7,1
DA:8,1
DA:10,1
DA:12,1
DA:13,2
DA:14,2
DA:16,1
DA:17,2
DA:18,2
DA:20,1
DA:23,1
DA:24,2
DA:26,1
DA:27,2
DA:28,2
DA:30,1
DA:31,2
DA:32,2
DA:34,1
DA:35,2
DA:36,2
DA:38,1
DA:39,2
DA:40,2
DA:45,1
DA:46,2
DA:47,2
DA:50,1
DA:51,2
DA:52,2
DA:54,1
DA:55,2
DA:56,2
DA:58,1
DA:61,1
DA:62,2
DA:64,1
DA:65,2
DA:66,2
DA:68,1
DA:71,1
DA:72,2
DA:74,1
DA:75,2
DA:76,2
DA:78,1
DA:79,2
DA:80,2
DA:83,1
DA:84,2
DA:85,2
LF:52
LH:52
end_of_record
SF:/Users/samuel/Desktop/dlibphonenumber/lib/generated/metadata/short_number/TM.dart
DA:6,1
DA:7,1
DA:8,1
DA:10,1
DA:12,1
DA:13,2
DA:14,2
DA:16,1
DA:17,2
DA:18,2
DA:20,1
DA:23,1
DA:24,2
DA:26,1
DA:27,2
DA:28,2
DA:30,1
DA:31,2
DA:32,2
DA:34,1
DA:35,2
DA:36,2
DA:38,1
DA:39,2
DA:40,2
DA:45,1
DA:46,2
DA:47,2
DA:50,1
DA:51,2
DA:52,2
DA:54,1
DA:55,2
DA:56,2
DA:58,1
DA:61,1
DA:62,2
DA:64,1
DA:65,2
DA:66,2
DA:68,1
DA:71,1
DA:72,2
DA:74,1
DA:75,2
DA:76,2
DA:78,1
DA:79,2
DA:80,2
DA:83,1
DA:84,2
DA:85,2
LF:52
LH:52
end_of_record
SF:/Users/samuel/Desktop/dlibphonenumber/lib/generated/metadata/short_number/TN.dart
DA:6,1
DA:7,1
DA:8,1
DA:10,1
DA:12,1
DA:13,2
DA:14,2
DA:16,1
DA:17,2
DA:18,2
DA:20,1
DA:23,1
DA:24,2
DA:26,1
DA:27,2
DA:28,2
DA:30,1
DA:31,2
DA:32,2
DA:34,1
DA:35,2
DA:36,2
DA:38,1
DA:39,2
DA:40,2
DA:45,1
DA:46,2
DA:47,2
DA:50,1
DA:51,2
DA:52,2
DA:54,1
DA:55,2
DA:56,2
DA:58,1
DA:61,1
DA:62,2
DA:64,1
DA:65,2
DA:66,2
DA:68,1
DA:71,1
DA:72,2
DA:74,1
DA:75,2
DA:76,2
DA:78,1
DA:79,2
DA:80,2
DA:83,1
DA:84,2
DA:85,2
LF:52
LH:52
end_of_record
SF:/Users/samuel/Desktop/dlibphonenumber/lib/generated/metadata/short_number/TO.dart
DA:6,1
DA:7,1
DA:8,1
DA:10,1
DA:12,1
DA:13,2
DA:14,2
DA:16,1
DA:17,2
DA:18,2
DA:20,1
DA:23,1
DA:24,2
DA:26,1
DA:27,2
DA:28,2
DA:30,1
DA:31,2
DA:32,2
DA:34,1
DA:35,2
DA:36,2
DA:38,1
DA:39,2
DA:40,2
DA:45,1
DA:46,2
DA:47,2
DA:50,1
DA:51,2
DA:52,2
DA:54,1
DA:55,2
DA:56,2
DA:58,1
DA:61,1
DA:62,2
DA:64,1
DA:65,2
DA:66,2
DA:68,1
DA:71,1
DA:72,2
DA:74,1
DA:75,2
DA:76,2
DA:78,1
DA:79,2
DA:80,2
DA:83,1
DA:84,2
DA:85,2
LF:52
LH:52
end_of_record
SF:/Users/samuel/Desktop/dlibphonenumber/lib/generated/metadata/short_number/TR.dart
DA:6,1
DA:7,1
DA:8,1
DA:10,1
DA:12,1
DA:13,2
DA:14,2
DA:16,1
DA:17,2
DA:18,2
DA:20,1
DA:23,1
DA:24,2
DA:26,1
DA:27,2
DA:28,2
DA:30,1
DA:31,2
DA:32,2
DA:34,1
DA:35,2
DA:36,2
DA:38,1
DA:39,2
DA:40,2
DA:45,1
DA:46,2
DA:47,2
DA:50,1
DA:51,2
DA:52,2
DA:54,1
DA:55,2
DA:56,2
DA:58,1
DA:61,1
DA:62,2
DA:64,1
DA:65,2
DA:66,2
DA:68,1
DA:72,1
DA:73,2
DA:75,1
DA:78,1
DA:79,2
DA:81,1
DA:82,2
DA:83,2
DA:86,1
DA:90,1
DA:91,2
LF:52
LH:52
end_of_record
SF:/Users/samuel/Desktop/dlibphonenumber/lib/generated/metadata/short_number/TT.dart
DA:6,1
DA:7,1
DA:8,1
DA:10,1
DA:12,1
DA:13,2
DA:14,2
DA:16,1
DA:17,2
DA:18,2
DA:20,1
DA:23,1
DA:24,2
DA:26,1
DA:27,2
DA:28,2
DA:30,1
DA:31,2
DA:32,2
DA:34,1
DA:35,2
DA:36,2
DA:38,1
DA:39,2
DA:40,2
DA:45,1
DA:46,2
DA:47,2
DA:50,1
DA:51,2
DA:52,2
DA:54,1
DA:55,2
DA:56,2
DA:58,1
DA:61,1
DA:62,2
DA:64,1
DA:65,2
DA:66,2
DA:68,1
DA:71,1
DA:72,2
DA:74,1
DA:75,2
DA:76,2
DA:78,1
DA:79,2
DA:80,2
DA:83,1
DA:84,2
DA:85,2
LF:52
LH:52
end_of_record
SF:/Users/samuel/Desktop/dlibphonenumber/lib/generated/metadata/short_number/TV.dart
DA:6,1
DA:7,1
DA:8,1
DA:10,1
DA:12,1
DA:13,2
DA:14,2
DA:16,1
DA:17,2
DA:18,2
DA:20,1
DA:23,1
DA:24,2
DA:26,1
DA:27,2
DA:28,2
DA:30,1
DA:31,2
DA:32,2
DA:34,1
DA:35,2
DA:36,2
DA:38,1
DA:39,2
DA:40,2
DA:45,1
DA:46,2
DA:47,2
DA:50,1
DA:51,2
DA:52,2
DA:54,1
DA:55,2
DA:56,2
DA:58,1
DA:61,1
DA:62,2
DA:64,1
DA:65,2
DA:66,2
DA:68,1
DA:71,1
DA:72,2
DA:74,1
DA:75,2
DA:76,2
DA:78,1
DA:79,2
DA:80,2
DA:83,1
DA:84,2
DA:85,2
LF:52
LH:52
end_of_record
SF:/Users/samuel/Desktop/dlibphonenumber/lib/generated/metadata/short_number/TW.dart
DA:6,1
DA:7,1
DA:8,1
DA:10,1
DA:12,1
DA:13,2
DA:14,2
DA:16,1
DA:17,2
DA:18,2
DA:20,1
DA:23,1
DA:24,2
DA:26,1
DA:29,1
DA:30,2
DA:32,1
DA:33,2
DA:34,2
DA:36,1
DA:37,2
DA:38,2
DA:40,1
DA:41,2
DA:42,2
DA:47,1
DA:48,2
DA:49,2
DA:52,1
DA:53,2
DA:54,2
DA:56,1
DA:57,2
DA:58,2
DA:60,1
DA:63,1
DA:64,2
DA:66,1
DA:67,2
DA:68,2
DA:70,1
DA:74,1
DA:75,2
DA:77,1
DA:80,1
DA:81,2
DA:83,1
DA:84,2
DA:85,2
DA:88,1
DA:89,2
DA:90,2
LF:52
LH:52
end_of_record
SF:/Users/samuel/Desktop/dlibphonenumber/lib/generated/metadata/short_number/TZ.dart
DA:6,1
DA:7,1
DA:8,1
DA:10,1
DA:12,1
DA:13,2
DA:14,2
DA:16,1
DA:17,2
DA:18,2
DA:20,1
DA:23,1
DA:24,2
DA:26,1
DA:27,2
DA:28,2
DA:30,1
DA:31,2
DA:32,2
DA:34,1
DA:35,2
DA:36,2
DA:38,1
DA:39,2
DA:40,2
DA:45,1
DA:46,2
DA:47,2
DA:50,1
DA:51,2
DA:52,2
DA:54,1
DA:55,2
DA:56,2
DA:58,1
DA:61,1
DA:62,2
DA:64,1
DA:65,2
DA:66,2
DA:68,1
DA:71,1
DA:72,2
DA:74,1
DA:75,2
DA:76,2
DA:78,1
DA:81,1
DA:82,2
DA:85,1
DA:88,1
DA:89,2
LF:52
LH:52
end_of_record
SF:/Users/samuel/Desktop/dlibphonenumber/lib/generated/metadata/short_number/UA.dart
DA:6,1
DA:7,1
DA:8,1
DA:10,1
DA:12,1
DA:13,2
DA:14,2
DA:16,1
DA:17,2
DA:18,2
DA:20,1
DA:23,1
DA:24,2
DA:26,1
DA:27,2
DA:28,2
DA:30,1
DA:31,2
DA:32,2
DA:34,1
DA:35,2
DA:36,2
DA:38,1
DA:39,2
DA:40,2
DA:45,1
DA:46,2
DA:47,2
DA:50,1
DA:51,2
DA:52,2
DA:54,1
DA:55,2
DA:56,2
DA:58,1
DA:61,1
DA:62,2
DA:64,1
DA:65,2
DA:66,2
DA:68,1
DA:72,1
DA:73,2
DA:75,1
DA:76,2
DA:77,2
DA:79,1
DA:82,1
DA:83,2
DA:86,1
DA:87,2
DA:88,2
LF:52
LH:52
end_of_record
SF:/Users/samuel/Desktop/dlibphonenumber/lib/generated/metadata/short_number/UG.dart
DA:6,1
DA:7,1
DA:8,1
DA:10,1
DA:12,1
DA:13,2
DA:14,2
DA:16,1
DA:17,2
DA:18,2
DA:20,1
DA:23,1
DA:24,2
DA:26,1
DA:27,2
DA:28,2
DA:30,1
DA:31,2
DA:32,2
DA:34,1
DA:35,2
DA:36,2
DA:38,1
DA:39,2
DA:40,2
DA:45,1
DA:46,2
DA:47,2
DA:50,1
DA:51,2
DA:52,2
DA:54,1
DA:55,2
DA:56,2
DA:58,1
DA:61,1
DA:62,2
DA:64,1
DA:65,2
DA:66,2
DA:68,1
DA:71,1
DA:72,2
DA:74,1
DA:75,2
DA:76,2
DA:78,1
DA:79,2
DA:80,2
DA:83,1
DA:84,2
DA:85,2
LF:52
LH:52
end_of_record
SF:/Users/samuel/Desktop/dlibphonenumber/lib/generated/metadata/short_number/US.dart
DA:6,1
DA:7,1
DA:8,1
DA:10,1
DA:12,1
DA:13,2
DA:14,2
DA:16,1
DA:17,2
DA:18,2
DA:20,1
DA:23,1
DA:24,2
DA:26,1
DA:30,1
DA:31,2
DA:33,1
DA:34,2
DA:35,2
DA:37,1
DA:38,2
DA:39,2
DA:41,1
DA:42,2
DA:43,2
DA:48,1
DA:49,2
DA:50,2
DA:53,1
DA:54,2
DA:55,2
DA:57,1
DA:58,2
DA:59,2
DA:61,1
DA:64,1
DA:65,2
DA:67,1
DA:68,2
DA:69,2
DA:71,1
DA:75,1
DA:76,2
DA:78,1
DA:82,1
DA:83,2
DA:85,1
DA:88,1
DA:89,2
DA:92,1
DA:95,1
DA:96,2
LF:52
LH:52
end_of_record
SF:/Users/samuel/Desktop/dlibphonenumber/lib/generated/metadata/short_number/UY.dart
DA:6,1
DA:7,1
DA:8,1
DA:10,1
DA:12,1
DA:13,2
DA:14,2
DA:16,1
DA:17,2
DA:18,2
DA:20,1
DA:23,1
DA:24,2
DA:26,1
DA:27,2
DA:28,2
DA:30,1
DA:31,2
DA:32,2
DA:34,1
DA:35,2
DA:36,2
DA:38,1
DA:39,2
DA:40,2
DA:45,1
DA:46,2
DA:47,2
DA:50,1
DA:51,2
DA:52,2
DA:54,1
DA:55,2
DA:56,2
DA:58,1
DA:61,1
DA:62,2
DA:64,1
DA:65,2
DA:66,2
DA:68,1
DA:72,1
DA:73,2
DA:75,1
DA:78,1
DA:79,2
DA:81,1
DA:82,2
DA:83,2
DA:86,1
DA:87,2
DA:88,2
LF:52
LH:52
end_of_record
SF:/Users/samuel/Desktop/dlibphonenumber/lib/generated/metadata/short_number/UZ.dart
DA:6,1
DA:7,1
DA:8,1
DA:10,1
DA:12,1
DA:13,2
DA:14,2
DA:16,1
DA:17,2
DA:18,2
DA:20,1
DA:23,1
DA:24,2
DA:26,1
DA:27,2
DA:28,2
DA:30,1
DA:31,2
DA:32,2
DA:34,1
DA:35,2
DA:36,2
DA:38,1
DA:39,2
DA:40,2
DA:45,1
DA:46,2
DA:47,2
DA:50,1
DA:51,2
DA:52,2
DA:54,1
DA:55,2
DA:56,2
DA:58,1
DA:61,1
DA:62,2
DA:64,1
DA:65,2
DA:66,2
DA:68,1
DA:71,1
DA:72,2
DA:74,1
DA:75,2
DA:76,2
DA:78,1
DA:81,1
DA:82,2
DA:85,1
DA:88,1
DA:89,2
LF:52
LH:52
end_of_record
SF:/Users/samuel/Desktop/dlibphonenumber/lib/generated/metadata/short_number/VA.dart
DA:6,1
DA:7,1
DA:8,1
DA:10,1
DA:12,1
DA:13,2
DA:14,2
DA:16,1
DA:17,2
DA:18,2
DA:20,1
DA:23,1
DA:24,2
DA:26,1
DA:27,2
DA:28,2
DA:30,1
DA:31,2
DA:32,2
DA:34,1
DA:35,2
DA:36,2
DA:38,1
DA:39,2
DA:40,2
DA:45,1
DA:46,2
DA:47,2
DA:50,1
DA:51,2
DA:52,2
DA:54,1
DA:55,2
DA:56,2
DA:58,1
DA:61,1
DA:62,2
DA:64,1
DA:65,2
DA:66,2
DA:68,1
DA:71,1
DA:72,2
DA:74,1
DA:75,2
DA:76,2
DA:78,1
DA:79,2
DA:80,2
DA:83,1
DA:84,2
DA:85,2
LF:52
LH:52
end_of_record
SF:/Users/samuel/Desktop/dlibphonenumber/lib/generated/metadata/short_number/VC.dart
DA:6,1
DA:7,1
DA:8,1
DA:10,1
DA:12,1
DA:13,2
DA:14,2
DA:16,1
DA:17,2
DA:18,2
DA:20,1
DA:23,1
DA:24,2
DA:26,1
DA:27,2
DA:28,2
DA:30,1
DA:31,2
DA:32,2
DA:34,1
DA:35,2
DA:36,2
DA:38,1
DA:39,2
DA:40,2
DA:45,1
DA:46,2
DA:47,2
DA:50,1
DA:51,2
DA:52,2
DA:54,1
DA:55,2
DA:56,2
DA:58,1
DA:61,1
DA:62,2
DA:64,1
DA:65,2
DA:66,2
DA:68,1
DA:71,1
DA:72,2
DA:74,1
DA:75,2
DA:76,2
DA:78,1
DA:79,2
DA:80,2
DA:83,1
DA:84,2
DA:85,2
LF:52
LH:52
end_of_record
SF:/Users/samuel/Desktop/dlibphonenumber/lib/generated/metadata/short_number/VE.dart
DA:6,1
DA:7,1
DA:8,1
DA:10,1
DA:12,1
DA:13,2
DA:14,2
DA:16,1
DA:17,2
DA:18,2
DA:20,1
DA:23,1
DA:24,2
DA:26,1
DA:27,2
DA:28,2
DA:30,1
DA:31,2
DA:32,2
DA:34,1
DA:35,2
DA:36,2
DA:38,1
DA:39,2
DA:40,2
DA:45,1
DA:46,2
DA:47,2
DA:50,1
DA:51,2
DA:52,2
DA:54,1
DA:55,2
DA:56,2
DA:58,1
DA:61,1
DA:62,2
DA:64,1
DA:65,2
DA:66,2
DA:68,1
DA:71,1
DA:72,2
DA:74,1
DA:75,2
DA:76,2
DA:78,1
DA:79,2
DA:80,2
DA:83,1
DA:84,2
DA:85,2
LF:52
LH:52
end_of_record
SF:/Users/samuel/Desktop/dlibphonenumber/lib/generated/metadata/short_number/VG.dart
DA:6,1
DA:7,1
DA:8,1
DA:10,1
DA:12,1
DA:13,2
DA:14,2
DA:16,1
DA:17,2
DA:18,2
DA:20,1
DA:23,1
DA:24,2
DA:26,1
DA:27,2
DA:28,2
DA:30,1
DA:31,2
DA:32,2
DA:34,1
DA:35,2
DA:36,2
DA:38,1
DA:39,2
DA:40,2
DA:45,1
DA:46,2
DA:47,2
DA:50,1
DA:51,2
DA:52,2
DA:54,1
DA:55,2
DA:56,2
DA:58,1
DA:61,1
DA:62,2
DA:64,1
DA:65,2
DA:66,2
DA:68,1
DA:71,1
DA:72,2
DA:74,1
DA:75,2
DA:76,2
DA:78,1
DA:79,2
DA:80,2
DA:83,1
DA:84,2
DA:85,2
LF:52
LH:52
end_of_record
SF:/Users/samuel/Desktop/dlibphonenumber/lib/generated/metadata/short_number/VI.dart
DA:6,1
DA:7,1
DA:8,1
DA:10,1
DA:12,1
DA:13,2
DA:14,2
DA:16,1
DA:17,2
DA:18,2
DA:20,1
DA:23,1
DA:24,2
DA:26,1
DA:27,2
DA:28,2
DA:30,1
DA:31,2
DA:32,2
DA:34,1
DA:35,2
DA:36,2
DA:38,1
DA:39,2
DA:40,2
DA:45,1
DA:46,2
DA:47,2
DA:50,1
DA:51,2
DA:52,2
DA:54,1
DA:55,2
DA:56,2
DA:58,1
DA:61,1
DA:62,2
DA:64,1
DA:65,2
DA:66,2
DA:68,1
DA:71,1
DA:72,2
DA:74,1
DA:75,2
DA:76,2
DA:78,1
DA:79,2
DA:80,2
DA:83,1
DA:84,2
DA:85,2
LF:52
LH:52
end_of_record
SF:/Users/samuel/Desktop/dlibphonenumber/lib/generated/metadata/short_number/VN.dart
DA:6,1
DA:7,1
DA:8,1
DA:10,1
DA:12,1
DA:13,2
DA:14,2
DA:16,1
DA:17,2
DA:18,2
DA:20,1
DA:23,1
DA:24,2
DA:26,1
DA:27,2
DA:28,2
DA:30,1
DA:31,2
DA:32,2
DA:34,1
DA:35,2
DA:36,2
DA:38,1
DA:39,2
DA:40,2
DA:45,1
DA:46,2
DA:47,2
DA:50,1
DA:51,2
DA:52,2
DA:54,1
DA:55,2
DA:56,2
DA:58,1
DA:61,1
DA:62,2
DA:64,1
DA:65,2
DA:66,2
DA:68,1
DA:71,1
DA:72,2
DA:74,1
DA:75,2
DA:76,2
DA:78,1
DA:79,2
DA:80,2
DA:83,1
DA:84,2
DA:85,2
LF:52
LH:52
end_of_record
SF:/Users/samuel/Desktop/dlibphonenumber/lib/generated/metadata/short_number/VU.dart
DA:6,1
DA:7,1
DA:8,1
DA:10,1
DA:12,1
DA:13,2
DA:14,2
DA:16,1
DA:17,2
DA:18,2
DA:20,1
DA:23,1
DA:24,2
DA:26,1
DA:27,2
DA:28,2
DA:30,1
DA:31,2
DA:32,2
DA:34,1
DA:35,2
DA:36,2
DA:38,1
DA:39,2
DA:40,2
DA:45,1
DA:46,2
DA:47,2
DA:50,1
DA:51,2
DA:52,2
DA:54,1
DA:55,2
DA:56,2
DA:58,1
DA:61,1
DA:62,2
DA:64,1
DA:65,2
DA:66,2
DA:68,1
DA:71,1
DA:72,2
DA:74,1
DA:75,2
DA:76,2
DA:78,1
DA:79,2
DA:80,2
DA:83,1
DA:84,2
DA:85,2
LF:52
LH:52
end_of_record
SF:/Users/samuel/Desktop/dlibphonenumber/lib/generated/metadata/short_number/WF.dart
DA:6,1
DA:7,1
DA:8,1
DA:10,1
DA:12,1
DA:13,2
DA:14,2
DA:16,1
DA:17,2
DA:18,2
DA:20,1
DA:23,1
DA:24,2
DA:26,1
DA:27,2
DA:28,2
DA:30,1
DA:31,2
DA:32,2
DA:34,1
DA:35,2
DA:36,2
DA:38,1
DA:39,2
DA:40,2
DA:45,1
DA:46,2
DA:47,2
DA:50,1
DA:51,2
DA:52,2
DA:54,1
DA:55,2
DA:56,2
DA:58,1
DA:61,1
DA:62,2
DA:64,1
DA:65,2
DA:66,2
DA:68,1
DA:71,1
DA:72,2
DA:74,1
DA:75,2
DA:76,2
DA:78,1
DA:79,2
DA:80,2
DA:83,1
DA:84,2
DA:85,2
LF:52
LH:52
end_of_record
SF:/Users/samuel/Desktop/dlibphonenumber/lib/generated/metadata/short_number/WS.dart
DA:6,1
DA:7,1
DA:8,1
DA:10,1
DA:12,1
DA:13,2
DA:14,2
DA:16,1
DA:17,2
DA:18,2
DA:20,1
DA:23,1
DA:24,2
DA:26,1
DA:27,2
DA:28,2
DA:30,1
DA:31,2
DA:32,2
DA:34,1
DA:35,2
DA:36,2
DA:38,1
DA:39,2
DA:40,2
DA:45,1
DA:46,2
DA:47,2
DA:50,1
DA:51,2
DA:52,2
DA:54,1
DA:55,2
DA:56,2
DA:58,1
DA:61,1
DA:62,2
DA:64,1
DA:65,2
DA:66,2
DA:68,1
DA:71,1
DA:72,2
DA:74,1
DA:75,2
DA:76,2
DA:78,1
DA:81,1
DA:82,2
DA:85,1
DA:86,2
DA:87,2
LF:52
LH:52
end_of_record
SF:/Users/samuel/Desktop/dlibphonenumber/lib/generated/metadata/short_number/XK.dart
DA:6,1
DA:7,1
DA:8,1
DA:10,1
DA:12,1
DA:13,2
DA:14,2
DA:16,1
DA:17,2
DA:18,2
DA:20,1
DA:23,1
DA:24,2
DA:26,1
DA:27,2
DA:28,2
DA:30,1
DA:31,2
DA:32,2
DA:34,1
DA:35,2
DA:36,2
DA:38,1
DA:39,2
DA:40,2
DA:45,1
DA:46,2
DA:47,2
DA:50,1
DA:51,2
DA:52,2
DA:54,1
DA:55,2
DA:56,2
DA:58,1
DA:61,1
DA:62,2
DA:64,1
DA:65,2
DA:66,2
DA:68,1
DA:71,1
DA:72,2
DA:74,1
DA:75,2
DA:76,2
DA:78,1
DA:79,2
DA:80,2
DA:83,1
DA:84,2
DA:85,2
LF:52
LH:52
end_of_record
SF:/Users/samuel/Desktop/dlibphonenumber/lib/generated/metadata/short_number/YE.dart
DA:6,1
DA:7,1
DA:8,1
DA:10,1
DA:12,1
DA:13,2
DA:14,2
DA:16,1
DA:17,2
DA:18,2
DA:20,1
DA:23,1
DA:24,2
DA:26,1
DA:27,2
DA:28,2
DA:30,1
DA:31,2
DA:32,2
DA:34,1
DA:35,2
DA:36,2
DA:38,1
DA:39,2
DA:40,2
DA:45,1
DA:46,2
DA:47,2
DA:50,1
DA:51,2
DA:52,2
DA:54,1
DA:55,2
DA:56,2
DA:58,1
DA:61,1
DA:62,2
DA:64,1
DA:65,2
DA:66,2
DA:68,1
DA:71,1
DA:72,2
DA:74,1
DA:75,2
DA:76,2
DA:78,1
DA:79,2
DA:80,2
DA:83,1
DA:84,2
DA:85,2
LF:52
LH:52
end_of_record
SF:/Users/samuel/Desktop/dlibphonenumber/lib/generated/metadata/short_number/YT.dart
DA:6,1
DA:7,1
DA:8,1
DA:10,1
DA:12,1
DA:13,2
DA:14,2
DA:16,1
DA:17,2
DA:18,2
DA:20,1
DA:23,1
DA:24,2
DA:26,1
DA:27,2
DA:28,2
DA:30,1
DA:31,2
DA:32,2
DA:34,1
DA:35,2
DA:36,2
DA:38,1
DA:39,2
DA:40,2
DA:45,1
DA:46,2
DA:47,2
DA:50,1
DA:51,2
DA:52,2
DA:54,1
DA:55,2
DA:56,2
DA:58,1
DA:61,1
DA:62,2
DA:64,1
DA:65,2
DA:66,2
DA:68,1
DA:71,1
DA:72,2
DA:74,1
DA:75,2
DA:76,2
DA:78,1
DA:79,2
DA:80,2
DA:83,1
DA:84,2
DA:85,2
LF:52
LH:52
end_of_record
SF:/Users/samuel/Desktop/dlibphonenumber/lib/generated/metadata/short_number/ZA.dart
DA:6,1
DA:7,1
DA:8,1
DA:10,1
DA:12,1
DA:13,2
DA:14,2
DA:16,1
DA:17,2
DA:18,2
DA:20,1
DA:23,1
DA:24,2
DA:26,1
DA:29,1
DA:30,2
DA:32,1
DA:33,2
DA:34,2
DA:36,1
DA:37,2
DA:38,2
DA:40,1
DA:41,2
DA:42,2
DA:47,1
DA:48,2
DA:49,2
DA:52,1
DA:53,2
DA:54,2
DA:56,1
DA:57,2
DA:58,2
DA:60,1
DA:63,1
DA:64,2
DA:66,1
DA:67,2
DA:68,2
DA:70,1
DA:74,1
DA:75,2
DA:77,1
DA:81,1
DA:82,2
DA:84,1
DA:87,1
DA:88,2
DA:91,1
DA:94,1
DA:95,2
LF:52
LH:52
end_of_record
SF:/Users/samuel/Desktop/dlibphonenumber/lib/generated/metadata/short_number/ZM.dart
DA:6,1
DA:7,1
DA:8,1
DA:10,1
DA:12,1
DA:13,2
DA:14,2
DA:16,1
DA:17,2
DA:18,2
DA:20,1
DA:23,1
DA:24,2
DA:26,1
DA:27,2
DA:28,2
DA:30,1
DA:31,2
DA:32,2
DA:34,1
DA:35,2
DA:36,2
DA:38,1
DA:39,2
DA:40,2
DA:45,1
DA:46,2
DA:47,2
DA:50,1
DA:51,2
DA:52,2
DA:54,1
DA:55,2
DA:56,2
DA:58,1
DA:61,1
DA:62,2
DA:64,1
DA:65,2
DA:66,2
DA:68,1
DA:71,1
DA:72,2
DA:74,1
DA:75,2
DA:76,2
DA:78,1
DA:79,2
DA:80,2
DA:83,1
DA:84,2
DA:85,2
LF:52
LH:52
end_of_record
SF:/Users/samuel/Desktop/dlibphonenumber/lib/generated/metadata/short_number/ZW.dart
DA:6,1
DA:7,1
DA:8,1
DA:10,1
DA:12,1
DA:13,2
DA:14,2
DA:16,1
DA:17,2
DA:18,2
DA:20,1
DA:23,1
DA:24,2
DA:26,1
DA:29,1
DA:30,2
DA:32,1
DA:33,2
DA:34,2
DA:36,1
DA:37,2
DA:38,2
DA:40,1
DA:41,2
DA:42,2
DA:47,1
DA:48,2
DA:49,2
DA:52,1
DA:53,2
DA:54,2
DA:56,1
DA:57,2
DA:58,2
DA:60,1
DA:63,1
DA:64,2
DA:66,1
DA:67,2
DA:68,2
DA:70,1
DA:74,1
DA:75,2
DA:77,1
DA:78,2
DA:79,2
DA:81,1
DA:84,1
DA:85,2
DA:88,1
DA:89,2
DA:90,2
LF:52
LH:52
end_of_record
SF:/Users/samuel/Desktop/dlibphonenumber/lib/generated/metadata/short_number_metadata_map.dart
DA:265,9
DA:267,1
DA:269,2
DA:272,1
DA:273,1
DA:274,1
DA:275,1
DA:276,1
DA:277,1
DA:278,1
DA:279,1
DA:280,1
DA:281,1
DA:282,1
DA:283,1
DA:284,1
DA:285,1
DA:286,1
DA:287,1
DA:288,1
DA:289,1
DA:290,1
DA:291,1
DA:292,1
DA:293,1
DA:294,1
DA:295,1
DA:296,1
DA:297,1
DA:298,1
DA:299,1
DA:300,1
DA:301,1
DA:302,1
DA:303,1
DA:304,1
DA:305,1
DA:306,1
DA:307,1
DA:308,1
DA:309,1
DA:310,1
DA:311,1
DA:312,1
DA:313,1
DA:314,1
DA:315,1
DA:316,1
DA:317,1
DA:318,1
DA:319,1
DA:320,1
DA:321,1
DA:322,1
DA:323,1
DA:324,1
DA:325,1
DA:326,1
DA:327,1
DA:328,1
DA:329,1
DA:330,1
DA:331,1
DA:332,1
DA:333,1
DA:334,1
DA:335,1
DA:336,1
DA:337,1
DA:338,1
DA:339,1
DA:340,1
DA:341,1
DA:342,1
DA:343,1
DA:344,1
DA:345,1
DA:346,1
DA:347,1
DA:348,1
DA:349,1
DA:350,1
DA:351,1
DA:352,1
DA:353,1
DA:354,1
DA:355,1
DA:356,1
DA:357,1
DA:358,1
DA:359,1
DA:360,1
DA:361,1
DA:362,1
DA:363,1
DA:364,1
DA:365,1
DA:366,1
DA:367,1
DA:368,1
DA:369,1
DA:370,1
DA:371,1
DA:372,1
DA:373,1
DA:374,1
DA:375,1
DA:376,1
DA:377,1
DA:378,1
DA:379,1
DA:380,1
DA:381,1
DA:382,1
DA:383,1
DA:384,1
DA:385,1
DA:386,1
DA:387,1
DA:388,1
DA:389,1
DA:390,1
DA:391,1
DA:392,1
DA:393,1
DA:394,1
DA:395,1
DA:396,1
DA:397,1
DA:398,1
DA:399,1
DA:400,1
DA:401,1
DA:402,1
DA:403,1
DA:404,1
DA:405,1
DA:406,1
DA:407,1
DA:408,1
DA:409,1
DA:410,1
DA:411,1
DA:412,1
DA:413,1
DA:414,1
DA:415,1
DA:416,1
DA:417,1
DA:418,1
DA:419,1
DA:420,1
DA:421,1
DA:422,1
DA:423,1
DA:424,1
DA:425,1
DA:426,1
DA:427,1
DA:428,1
DA:429,1
DA:430,1
DA:431,1
DA:432,1
DA:433,1
DA:434,1
DA:435,1
DA:436,1
DA:437,1
DA:438,1
DA:439,1
DA:440,1
DA:441,1
DA:442,1
DA:443,1
DA:444,1
DA:445,1
DA:446,1
DA:447,1
DA:448,1
DA:449,1
DA:450,1
DA:451,1
DA:452,1
DA:453,1
DA:454,1
DA:455,1
DA:456,1
DA:457,1
DA:458,1
DA:459,1
DA:460,1
DA:461,1
DA:462,1
DA:463,1
DA:464,1
DA:465,1
DA:466,1
DA:467,1
DA:468,1
DA:469,1
DA:470,1
DA:471,1
DA:472,1
DA:473,1
DA:474,1
DA:475,1
DA:476,1
DA:477,1
DA:478,1
DA:479,1
DA:480,1
DA:481,1
DA:482,1
DA:483,1
DA:484,1
DA:485,1
DA:486,1
DA:487,1
DA:488,1
DA:489,1
DA:490,1
DA:491,1
DA:492,1
DA:493,1
DA:494,1
DA:495,1
DA:496,1
DA:497,1
DA:498,1
DA:499,1
DA:500,1
DA:501,1
DA:502,1
DA:503,1
DA:504,1
DA:505,1
DA:506,1
DA:507,1
DA:508,1
DA:509,1
DA:510,1
DA:511,1
DA:512,1
DA:513,1
DA:514,1
LF:246
LH:246
end_of_record
SF:/Users/samuel/Desktop/dlibphonenumber/lib/generated/metadata/timezone_metadata_map.dart
DA:22,0
DA:24,0
DA:25,0
LF:3
LH:0
end_of_record
SF:/Users/samuel/Desktop/dlibphonenumber/lib/prefix_file_reader.dart
DA:24,2
DA:25,2
DA:43,2
DA:45,2
DA:46,2
DA:50,4
DA:51,2
DA:54,4
DA:57,2
DA:58,6
DA:59,6
DA:60,8
DA:64,2
DA:65,4
DA:68,6
DA:69,4
DA:71,0
DA:86,2
DA:88,2
DA:92,4
DA:93,2
DA:96,4
DA:97,2
DA:99,2
DA:100,2
DA:101,2
DA:103,2
DA:104,2
DA:105,2
DA:107,2
DA:113,2
DA:115,2
DA:116,2
DA:117,4
DA:119,0
DA:123,2
DA:127,2
DA:128,2
DA:131,2
DA:132,0
DA:133,0
DA:134,0
DA:135,0
DA:136,0
DA:140,0
DA:141,0
DA:142,0
DA:143,0
DA:144,0
DA:148,0
DA:155,2
DA:156,4
DA:157,4
DA:160,2
DA:162,2
DA:163,2
DA:164,2
DA:168,2
DA:170,2
DA:172,2
DA:173,2
DA:192,2
DA:194,2
DA:197,2
DA:199,8
DA:201,2
DA:204,2
DA:208,2
DA:209,2
DA:211,2
DA:215,2
DA:221,2
DA:226,6
DA:229,2
DA:231,4
DA:233,2
DA:234,6
DA:235,2
DA:237,2
DA:239,2
DA:240,2
DA:242,2
DA:246,2
LF:83
LH:70
end_of_record
SF:/Users/samuel/Desktop/dlibphonenumber/lib/prefix_time_zones_map.dart
DA:23,1
DA:24,1
DA:40,1
DA:41,2
DA:43,1
DA:45,1
DA:53,1
DA:55,2
DA:57,3
DA:58,1
DA:66,1
DA:67,2
DA:71,1
DA:72,2
LF:14
LH:14
end_of_record
SF:/Users/samuel/Desktop/dlibphonenumber/lib/phone_prefix_map.dart
DA:25,3
DA:37,3
DA:39,1
DA:44,4
DA:46,6
DA:47,2
DA:61,3
DA:62,6
DA:63,3
DA:66,3
DA:68,21
DA:70,3
DA:71,3
DA:72,3
DA:74,6
DA:75,6
DA:78,3
DA:79,3
DA:83,9
DA:84,3
DA:85,9
DA:88,3
DA:89,9
DA:94,3
DA:96,3
DA:97,6
DA:98,9
DA:99,3
DA:101,3
DA:102,3
DA:105,3
LF:31
LH:31
end_of_record
